<!DOCTYPE html>
<html>
<head>
<title>Cucumber-JVM Html Reports - Feature: main info page validation </title>

<meta http-equiv="Content-Type" content="text/html; charset=UTF-8" />
<script type="text/javascript" src="jquery.min.js"></script>
<script type="text/javascript" src="jquery.tablesorter.min.js"></script>
<script type="text/javascript" src="bootstrap.min.js"></script>

<script type="text/javascript" src="highcharts.js"></script>
<script type="text/javascript" src="highcharts-3d.js"></script>

<link rel="stylesheet" href="bootstrap.min.css" type="text/css"/>

<link rel="stylesheet" href="reporting.css" type="text/css"/>

<script type="text/javascript">
$(document).ready(function() {
    $("#tablesorter").tablesorter();
});
</script>



</head>
<body>

<nav class="navbar navbar-default navbar-fixed-top" id="navigation">
  <div class="container-fluid">
    <div class="collapse navbar-collapse">
      <p class="navbar-text navbar-left">Cucumber-jvm Report</p>
      <ul class="nav navbar-nav navbar-right">
                <li role="presentation" ><a href="feature-overview.html">Features</a></li>
        <li role="presentation" ><a href="tag-overview.html">Tags</a></li>
        <li role="presentation" ><a href="step-overview.html">Steps</a></li>
      </ul>
    </div>
  </div>
</nav>

<div class="container-fluid" id="summary">
  <div class="row">
    <div class="col-md-6">
      <table class="table table-bordered">
        <thead>
          <tr>
            <th>Project</th>
                          <th>Number</th>
                        <th>Date</th>
          </tr>
        </thead>
        <tbody>
          <tr class="info">
            <td>cucumber-selenide-example</td>
                          <td>${${build.number}}</td>
                        <td>18 апр 2017, 12:43</td>
          </tr>
        </tbody>
      </table>
    </div>
  </div>
</div>

<div class="container-fluid" id="title">
  <h2>Feature Report</h2>
  </div>


<div class="container-fluid" id="report-summary">
  <table class="stats-table">
    <thead>
  <tr class="header">
        <th></th>
    <th id="stats-header-scenarios" colspan="3">Scenarios</th>
    <th id="stats-header-steps" colspan="7">Steps</th>
    <th></th>
    <th></th>
  </tr>
  <tr>
    <th id="stats-header-key">Feature</th>
        <th id="stats-header-scenarios-total">Total</th>
    <th id="stats-header-scenarios-passed">Passed</th>
    <th id="stats-header-scenarios-failed">Failed</th>
    <th id="stats-header-steps-total">Total</th>
    <th id="stats-header-steps-passed"    class="passed">Passed</th>
    <th id="stats-header-steps-failed"    class="failed">Failed</th>
    <th id="stats-header-steps-skipped"   class="skipped">Skipped</th>
    <th id="stats-header-steps-pending"   class="pending">Pending</th>
    <th id="stats-header-steps-undefined" class="undefined">Undefined</th>
    <th id="stats-header-steps-missing"   class="missing">Missing</th>
    <th id="stats-header-duration">Duration</th>
    <th id="stats-header-status">Status</th>
  </tr>
</thead>

        <tr>
      <td class="tagname"><a id="stats-main info page validation" href="mainInfoPage-feature.html">main info page validation</a></td>
            <td id="stats-number-scenarios-main info page validation">20</td>
      <td id="stats-number-scenarios-passed-main info page validation">8</td>
      <td id="stats-number-scenarios-failed-main info page validation">12</td>
      <td id="stats-number-steps-main info page validation">94</td>
      <td id="stats-number-steps-passed-main info page validation">62</td>
      <td id="stats-number-steps-failed-main info page validation"      class="failed" >12</td>
      <td id="stats-number-steps-skipped-main info page validation"      class="skipped" >16</td>
      <td id="stats-number-steps-pending-main info page validation"   >0</td>
      <td id="stats-number-steps-undefined-main info page validation"  class="undefined" >4</td>
      <td id="stats-number-steps-missing-main info page validation"   >0</td>
      <td id="stats-duration-main info page validation" class="duration-format">2m 51s 247ms</td>
      <td id="stats-status-main info page validation" class="failed">Failed</td>
    </tr>
  </table>
</div>


<div class="container-fluid" id="report-details">
  <div class="feature-tags"><a href="inDevelopment.html">@inDevelopment</a></div>
  <div class="failed">
    <div class="feature-line">
      <span class="feature-keyword">Feature: </span>main info page validation
    </div>
  </div>
  <div class="feature-description"></div>

      <div class="feature-tags"></div>
    
    <div class="failed"><span class="element-keyword">Scenario: </span><span class="element-name">PU field is displayed</span></div>
          <div class="passed"><span class="step-keyword">Given  </span><span class="step-name">an open browser with https://anketa.alfabank.ru/alfaform_dc/step1?packetId=K01&amp;platformId=alfasite</span><span class="step-duration">44s 640ms</span></div>
      
            <div></div>
      <div></div>
          <div class="failed"><span class="step-keyword">Then  </span><span class="step-name">&#1055;&#1086;&#1083;&#1077; &#1055;&#1072;&#1082;&#1077;&#1090; &#1091;&#1089;&#1083;&#1091;&#1075; exists</span><span class="step-duration">04s 746ms</span><div class="output_message"><input class="output_collapse" id="output_348209600" type="checkbox"><label for="output_348209600">Element not found {by text: Пакет услуг}</label><div>Expected: exist<br/>Screenshot: file:/C:/Users/anast/git/newmavselcuc/newmavselcuc/build/reports/tests/1492508476132.0.png<br/>Timeout: 4 s.<br/>Caused by: NoSuchElementException: no such element: Unable to locate element: {"method":"xpath","selector":".//*/text()[normalize-space(.) = "Пакет услуг"]/parent::*"}<br/>	at com.codeborne.selenide.impl.WebElementSource.createElementNotFoundError(WebElementSource.java:31)<br/>	at com.codeborne.selenide.impl.ElementFinder.createElementNotFoundError(ElementFinder.java:82)<br/>	at com.codeborne.selenide.impl.SelenideElementProxy.dispatchAndRetry(SelenideElementProxy.java:115)<br/>	at com.codeborne.selenide.impl.SelenideElementProxy.invoke(SelenideElementProxy.java:62)<br/>	at com.sun.proxy.$Proxy13.getAttribute(Unknown Source)<br/>	at cucumberJava.openRegForm.pole_exists(openRegForm.java:53)<br/>	at ✽.Then Поле Пакет услуг exists(mainInfoPage.feature:8)<br/>Caused by: org.openqa.selenium.NoSuchElementException: no such element: Unable to locate element: {"method":"xpath","selector":".//*/text()[normalize-space(.) = "Пакет услуг"]/parent::*"}<br/>  (Session info: chrome=57.0.2987.133)<br/>  (Driver info: chromedriver=2.28.455520 (cc17746adff54984afff480136733114c6b3704b),platform=Windows NT 10.0.14393 x86_64) (WARNING: The server did not provide any stacktrace information)<br/>Command duration or timeout: 52 milliseconds<br/>For documentation on this error, please visit: http://seleniumhq.org/exceptions/no_such_element.html<br/>Build info: version: '3.0.1', revision: '1969d75', time: '2016-10-18 09:49:13 -0700'<br/>System info: host: 'LAPTOP-6S2SOLQ2', ip: '172.23.88.58', os.name: 'Windows 10', os.arch: 'amd64', os.version: '10.0', java.version: '1.8.0_121'<br/>Driver info: org.openqa.selenium.chrome.ChromeDriver<br/>Capabilities [{applicationCacheEnabled=false, rotatable=false, mobileEmulationEnabled=false, networkConnectionEnabled=false, chrome={chromedriverVersion=2.28.455520 (cc17746adff54984afff480136733114c6b3704b), userDataDir=C:\Users\anast\AppData\Local\Temp\scoped_dir13872_8849}, takesHeapSnapshot=true, pageLoadStrategy=normal, databaseEnabled=false, handlesAlerts=true, hasTouchScreen=false, version=57.0.2987.133, platform=XP, browserConnectionEnabled=false, nativeEvents=true, acceptSslCerts=true, locationContextEnabled=true, webStorageEnabled=true, browserName=chrome, takesScreenshot=true, javascriptEnabled=true, cssSelectorsEnabled=true, unexpectedAlertBehaviour=}]<br/>Session ID: 2b00eacc1ca8c603e77fbb13bc9e1802<br/>*** Element info: {Using=xpath, value=.//*/text()[normalize-space(.) = "Пакет услуг"]/parent::*}<br/>	at sun.reflect.GeneratedConstructorAccessor8.newInstance(Unknown Source)<br/>	at sun.reflect.DelegatingConstructorAccessorImpl.newInstance(DelegatingConstructorAccessorImpl.java:45)<br/>	at java.lang.reflect.Constructor.newInstance(Constructor.java:423)<br/>	at org.openqa.selenium.remote.ErrorHandler.createThrowable(ErrorHandler.java:216)<br/>	at org.openqa.selenium.remote.ErrorHandler.throwIfResponseFailed(ErrorHandler.java:168)<br/>	at org.openqa.selenium.remote.RemoteWebDriver.execute(RemoteWebDriver.java:635)<br/>	at org.openqa.selenium.remote.RemoteWebDriver.findElement(RemoteWebDriver.java:368)<br/>	at org.openqa.selenium.remote.RemoteWebDriver.findElementByXPath(RemoteWebDriver.java:473)<br/>	at org.openqa.selenium.By$ByXPath.findElement(By.java:361)<br/>	at org.openqa.selenium.remote.RemoteWebDriver.findElement(RemoteWebDriver.java:360)<br/>	at com.codeborne.selenide.impl.WebElementSelector.findElement(WebElementSelector.java:28)<br/>	at com.codeborne.selenide.impl.ElementFinder.getWebElement(ElementFinder.java:56)<br/>	at com.codeborne.selenide.impl.SelenideElementProxy.dispatchAndRetry(SelenideElementProxy.java:89)<br/>	at com.codeborne.selenide.impl.SelenideElementProxy.invoke(SelenideElementProxy.java:62)<br/>	at com.sun.proxy.$Proxy13.getAttribute(Unknown Source)<br/>	at cucumberJava.openRegForm.pole_exists(openRegForm.java:53)<br/>	at sun.reflect.NativeMethodAccessorImpl.invoke0(Native Method)<br/>	at sun.reflect.NativeMethodAccessorImpl.invoke(NativeMethodAccessorImpl.java:62)<br/>	at sun.reflect.DelegatingMethodAccessorImpl.invoke(DelegatingMethodAccessorImpl.java:43)<br/>	at java.lang.reflect.Method.invoke(Method.java:498)<br/>	at cucumber.runtime.Utils$1.call(Utils.java:40)<br/>	at cucumber.runtime.Timeout.timeout(Timeout.java:16)<br/>	at cucumber.runtime.Utils.invoke(Utils.java:34)<br/>	at cucumber.runtime.java.JavaStepDefinition.execute(JavaStepDefinition.java:38)<br/>	at cucumber.runtime.StepDefinitionMatch.runStep(StepDefinitionMatch.java:37)<br/>	at cucumber.runtime.Runtime.runStep(Runtime.java:300)<br/>	at cucumber.runtime.model.StepContainer.runStep(StepContainer.java:44)<br/>	at cucumber.runtime.model.StepContainer.runSteps(StepContainer.java:39)<br/>	at cucumber.runtime.model.CucumberScenario.run(CucumberScenario.java:44)<br/>	at cucumber.runtime.junit.ExecutionUnitRunner.run(ExecutionUnitRunner.java:102)<br/>	at cucumber.runtime.junit.FeatureRunner.runChild(FeatureRunner.java:63)<br/>	at cucumber.runtime.junit.FeatureRunner.runChild(FeatureRunner.java:18)<br/>	at org.junit.runners.ParentRunner$3.run(ParentRunner.java:290)<br/>	at org.junit.runners.ParentRunner$1.schedule(ParentRunner.java:71)<br/>	at org.junit.runners.ParentRunner.runChildren(ParentRunner.java:288)<br/>	at org.junit.runners.ParentRunner.access$000(ParentRunner.java:58)<br/>	at org.junit.runners.ParentRunner$2.evaluate(ParentRunner.java:268)<br/>	at org.junit.runners.ParentRunner.run(ParentRunner.java:363)<br/>	at cucumber.runtime.junit.FeatureRunner.run(FeatureRunner.java:70)<br/>	at cucumber.api.junit.Cucumber.runChild(Cucumber.java:95)<br/>	at cucumber.api.junit.Cucumber.runChild(Cucumber.java:38)<br/>	at org.junit.runners.ParentRunner$3.run(ParentRunner.java:290)<br/>	at org.junit.runners.ParentRunner$1.schedule(ParentRunner.java:71)<br/>	at org.junit.runners.ParentRunner.runChildren(ParentRunner.java:288)<br/>	at org.junit.runners.ParentRunner.access$000(ParentRunner.java:58)<br/>	at org.junit.runners.ParentRunner$2.evaluate(ParentRunner.java:268)<br/>	at org.junit.runners.ParentRunner.run(ParentRunner.java:363)<br/>	at cucumber.api.junit.Cucumber.run(Cucumber.java:100)<br/>	at org.apache.maven.surefire.junit4.JUnit4Provider.execute(JUnit4Provider.java:367)<br/>	at org.apache.maven.surefire.junit4.JUnit4Provider.executeWithRerun(JUnit4Provider.java:274)<br/>	at org.apache.maven.surefire.junit4.JUnit4Provider.executeTestSet(JUnit4Provider.java:238)<br/>	at org.apache.maven.surefire.junit4.JUnit4Provider.invoke(JUnit4Provider.java:161)<br/>	at org.apache.maven.surefire.booter.ForkedBooter.invokeProviderInSameClassLoader(ForkedBooter.java:290)<br/>	at org.apache.maven.surefire.booter.ForkedBooter.runSuitesInProcess(ForkedBooter.java:242)<br/>	at org.apache.maven.surefire.booter.ForkedBooter.main(ForkedBooter.java:121)<br/></div></div></div>
      
            <div></div>
      <div></div>
          <div class="skipped"><span class="step-keyword">And  </span><span class="step-name">&#1055;&#1086;&#1083;&#1077; &#1055;&#1072;&#1082;&#1077;&#1090; &#1091;&#1089;&#1083;&#1091;&#1075; &#1088;&#1077;&#1076;&#1072;&#1082;&#1090;&#1080;&#1088;&#1091;&#1077;&#1084;&#1086;&#1077;</span><span class="step-duration">000ms</span></div>
      
            <div></div>
      <div></div>
          <div class="skipped"><span class="step-keyword">And  </span><span class="step-name">&#1055;&#1086;&#1083;&#1077; &#1055;&#1072;&#1082;&#1077;&#1090; &#1091;&#1089;&#1083;&#1091;&#1075; &#1080;&#1084;&#1077;&#1077;&#1090; &#1090;&#1080;&#1087; &#1042;&#1099;&#1087;&#1072;&#1076;&#1072;&#1102;&#1097;&#1080;&#1081; &#1089;&#1087;&#1080;&#1089;&#1086;&#1082;</span><span class="step-duration">000ms</span></div>
      
            <div></div>
      <div></div>
          <div class="skipped"><span class="step-keyword">And  </span><span class="step-name">&#1055;&#1086;&#1083;&#1077; &#1055;&#1072;&#1082;&#1077;&#1090; &#1091;&#1089;&#1083;&#1091;&#1075; &#1089;&#1086;&#1076;&#1077;&#1088;&#1078;&#1080;&#1090; &#1079;&#1085;&#1072;&#1095;&#1077;&#1085;&#1080;&#1103; &#1050;&#1083;&#1072;&#1089;&#1089;, &#1052;&#1072;&#1082;&#1089;&#1080;&#1084;&#1091;&#1084;</span><span class="step-duration">000ms</span></div>
      
            <div></div>
      <div></div>
        
    <br>
      <div class="feature-tags"></div>
    
    <div class="failed"><span class="element-keyword">Scenario: </span><span class="element-name">&#1047;&#1072;&#1088;&#1087;&#1083;&#1072;&#1090;&#1085;&#1099;&#1081; &#1082;&#1083;&#1080;&#1077;&#1085;&#1090; field is displayed</span></div>
          <div class="passed"><span class="step-keyword">Given  </span><span class="step-name">an open browser with https://anketa.alfabank.ru/alfaform_dc/step1?packetId=K01&amp;platformId=alfasite</span><span class="step-duration">02s 557ms</span></div>
      
            <div></div>
      <div></div>
          <div class="failed"><span class="step-keyword">Then  </span><span class="step-name">&#1055;&#1086;&#1083;&#1077; &#1047;&#1072;&#1088;&#1087;&#1083;&#1072;&#1090;&#1085;&#1099;&#1081; &#1082;&#1083;&#1080;&#1077;&#1085;&#1090; exists</span><span class="step-duration">04s 312ms</span><div class="output_message"><input class="output_collapse" id="output_1636256669" type="checkbox"><label for="output_1636256669">Element not found {by text: Зарплатный клиент}</label><div>Expected: exist<br/>Screenshot: file:/C:/Users/anast/git/newmavselcuc/newmavselcuc/build/reports/tests/1492508483389.1.png<br/>Timeout: 4 s.<br/>Caused by: NoSuchElementException: no such element: Unable to locate element: {"method":"xpath","selector":".//*/text()[normalize-space(.) = "Зарплатный клиент"]/parent::*"}<br/>	at com.codeborne.selenide.impl.WebElementSource.createElementNotFoundError(WebElementSource.java:31)<br/>	at com.codeborne.selenide.impl.ElementFinder.createElementNotFoundError(ElementFinder.java:82)<br/>	at com.codeborne.selenide.impl.SelenideElementProxy.dispatchAndRetry(SelenideElementProxy.java:115)<br/>	at com.codeborne.selenide.impl.SelenideElementProxy.invoke(SelenideElementProxy.java:62)<br/>	at com.sun.proxy.$Proxy13.getAttribute(Unknown Source)<br/>	at cucumberJava.openRegForm.pole_exists(openRegForm.java:53)<br/>	at ✽.Then Поле Зарплатный клиент exists(mainInfoPage.feature:16)<br/>Caused by: org.openqa.selenium.NoSuchElementException: no such element: Unable to locate element: {"method":"xpath","selector":".//*/text()[normalize-space(.) = "Зарплатный клиент"]/parent::*"}<br/>  (Session info: chrome=57.0.2987.133)<br/>  (Driver info: chromedriver=2.28.455520 (cc17746adff54984afff480136733114c6b3704b),platform=Windows NT 10.0.14393 x86_64) (WARNING: The server did not provide any stacktrace information)<br/>Command duration or timeout: 36 milliseconds<br/>For documentation on this error, please visit: http://seleniumhq.org/exceptions/no_such_element.html<br/>Build info: version: '3.0.1', revision: '1969d75', time: '2016-10-18 09:49:13 -0700'<br/>System info: host: 'LAPTOP-6S2SOLQ2', ip: '172.23.88.58', os.name: 'Windows 10', os.arch: 'amd64', os.version: '10.0', java.version: '1.8.0_121'<br/>Driver info: org.openqa.selenium.chrome.ChromeDriver<br/>Capabilities [{applicationCacheEnabled=false, rotatable=false, mobileEmulationEnabled=false, networkConnectionEnabled=false, chrome={chromedriverVersion=2.28.455520 (cc17746adff54984afff480136733114c6b3704b), userDataDir=C:\Users\anast\AppData\Local\Temp\scoped_dir13872_8849}, takesHeapSnapshot=true, pageLoadStrategy=normal, databaseEnabled=false, handlesAlerts=true, hasTouchScreen=false, version=57.0.2987.133, platform=XP, browserConnectionEnabled=false, nativeEvents=true, acceptSslCerts=true, locationContextEnabled=true, webStorageEnabled=true, browserName=chrome, takesScreenshot=true, javascriptEnabled=true, cssSelectorsEnabled=true, unexpectedAlertBehaviour=}]<br/>Session ID: 2b00eacc1ca8c603e77fbb13bc9e1802<br/>*** Element info: {Using=xpath, value=.//*/text()[normalize-space(.) = "Зарплатный клиент"]/parent::*}<br/>	at sun.reflect.GeneratedConstructorAccessor8.newInstance(Unknown Source)<br/>	at sun.reflect.DelegatingConstructorAccessorImpl.newInstance(DelegatingConstructorAccessorImpl.java:45)<br/>	at java.lang.reflect.Constructor.newInstance(Constructor.java:423)<br/>	at org.openqa.selenium.remote.ErrorHandler.createThrowable(ErrorHandler.java:216)<br/>	at org.openqa.selenium.remote.ErrorHandler.throwIfResponseFailed(ErrorHandler.java:168)<br/>	at org.openqa.selenium.remote.RemoteWebDriver.execute(RemoteWebDriver.java:635)<br/>	at org.openqa.selenium.remote.RemoteWebDriver.findElement(RemoteWebDriver.java:368)<br/>	at org.openqa.selenium.remote.RemoteWebDriver.findElementByXPath(RemoteWebDriver.java:473)<br/>	at org.openqa.selenium.By$ByXPath.findElement(By.java:361)<br/>	at org.openqa.selenium.remote.RemoteWebDriver.findElement(RemoteWebDriver.java:360)<br/>	at com.codeborne.selenide.impl.WebElementSelector.findElement(WebElementSelector.java:28)<br/>	at com.codeborne.selenide.impl.ElementFinder.getWebElement(ElementFinder.java:56)<br/>	at com.codeborne.selenide.impl.SelenideElementProxy.dispatchAndRetry(SelenideElementProxy.java:89)<br/>	at com.codeborne.selenide.impl.SelenideElementProxy.invoke(SelenideElementProxy.java:62)<br/>	at com.sun.proxy.$Proxy13.getAttribute(Unknown Source)<br/>	at cucumberJava.openRegForm.pole_exists(openRegForm.java:53)<br/>	at sun.reflect.NativeMethodAccessorImpl.invoke0(Native Method)<br/>	at sun.reflect.NativeMethodAccessorImpl.invoke(NativeMethodAccessorImpl.java:62)<br/>	at sun.reflect.DelegatingMethodAccessorImpl.invoke(DelegatingMethodAccessorImpl.java:43)<br/>	at java.lang.reflect.Method.invoke(Method.java:498)<br/>	at cucumber.runtime.Utils$1.call(Utils.java:40)<br/>	at cucumber.runtime.Timeout.timeout(Timeout.java:16)<br/>	at cucumber.runtime.Utils.invoke(Utils.java:34)<br/>	at cucumber.runtime.java.JavaStepDefinition.execute(JavaStepDefinition.java:38)<br/>	at cucumber.runtime.StepDefinitionMatch.runStep(StepDefinitionMatch.java:37)<br/>	at cucumber.runtime.Runtime.runStep(Runtime.java:300)<br/>	at cucumber.runtime.model.StepContainer.runStep(StepContainer.java:44)<br/>	at cucumber.runtime.model.StepContainer.runSteps(StepContainer.java:39)<br/>	at cucumber.runtime.model.CucumberScenario.run(CucumberScenario.java:44)<br/>	at cucumber.runtime.junit.ExecutionUnitRunner.run(ExecutionUnitRunner.java:102)<br/>	at cucumber.runtime.junit.FeatureRunner.runChild(FeatureRunner.java:63)<br/>	at cucumber.runtime.junit.FeatureRunner.runChild(FeatureRunner.java:18)<br/>	at org.junit.runners.ParentRunner$3.run(ParentRunner.java:290)<br/>	at org.junit.runners.ParentRunner$1.schedule(ParentRunner.java:71)<br/>	at org.junit.runners.ParentRunner.runChildren(ParentRunner.java:288)<br/>	at org.junit.runners.ParentRunner.access$000(ParentRunner.java:58)<br/>	at org.junit.runners.ParentRunner$2.evaluate(ParentRunner.java:268)<br/>	at org.junit.runners.ParentRunner.run(ParentRunner.java:363)<br/>	at cucumber.runtime.junit.FeatureRunner.run(FeatureRunner.java:70)<br/>	at cucumber.api.junit.Cucumber.runChild(Cucumber.java:95)<br/>	at cucumber.api.junit.Cucumber.runChild(Cucumber.java:38)<br/>	at org.junit.runners.ParentRunner$3.run(ParentRunner.java:290)<br/>	at org.junit.runners.ParentRunner$1.schedule(ParentRunner.java:71)<br/>	at org.junit.runners.ParentRunner.runChildren(ParentRunner.java:288)<br/>	at org.junit.runners.ParentRunner.access$000(ParentRunner.java:58)<br/>	at org.junit.runners.ParentRunner$2.evaluate(ParentRunner.java:268)<br/>	at org.junit.runners.ParentRunner.run(ParentRunner.java:363)<br/>	at cucumber.api.junit.Cucumber.run(Cucumber.java:100)<br/>	at org.apache.maven.surefire.junit4.JUnit4Provider.execute(JUnit4Provider.java:367)<br/>	at org.apache.maven.surefire.junit4.JUnit4Provider.executeWithRerun(JUnit4Provider.java:274)<br/>	at org.apache.maven.surefire.junit4.JUnit4Provider.executeTestSet(JUnit4Provider.java:238)<br/>	at org.apache.maven.surefire.junit4.JUnit4Provider.invoke(JUnit4Provider.java:161)<br/>	at org.apache.maven.surefire.booter.ForkedBooter.invokeProviderInSameClassLoader(ForkedBooter.java:290)<br/>	at org.apache.maven.surefire.booter.ForkedBooter.runSuitesInProcess(ForkedBooter.java:242)<br/>	at org.apache.maven.surefire.booter.ForkedBooter.main(ForkedBooter.java:121)<br/></div></div></div>
      
            <div></div>
      <div></div>
          <div class="skipped"><span class="step-keyword">And  </span><span class="step-name">&#1055;&#1086;&#1083;&#1077; &#1047;&#1072;&#1088;&#1087;&#1083;&#1072;&#1090;&#1085;&#1099;&#1081; &#1082;&#1083;&#1080;&#1077;&#1085;&#1090; &#1088;&#1077;&#1076;&#1072;&#1082;&#1090;&#1080;&#1088;&#1091;&#1077;&#1084;&#1086;&#1077;</span><span class="step-duration">000ms</span></div>
      
            <div></div>
      <div></div>
          <div class="skipped"><span class="step-keyword">And  </span><span class="step-name">&#1055;&#1086;&#1083;&#1077; &#1047;&#1072;&#1088;&#1087;&#1083;&#1072;&#1090;&#1085;&#1099;&#1081; &#1082;&#1083;&#1080;&#1077;&#1085;&#1090; &#1080;&#1084;&#1077;&#1077;&#1090; &#1090;&#1080;&#1087; &#1055;&#1077;&#1088;&#1077;&#1082;&#1083;&#1102;&#1095;&#1072;&#1090;&#1077;&#1083;&#1100;</span><span class="step-duration">000ms</span></div>
      
            <div></div>
      <div></div>
          <div class="skipped"><span class="step-keyword">And  </span><span class="step-name">&#1055;&#1086;&#1083;&#1077; &#1047;&#1072;&#1088;&#1087;&#1083;&#1072;&#1090;&#1085;&#1099;&#1081; &#1082;&#1083;&#1080;&#1077;&#1085;&#1090; &#1080;&#1084;&#1077;&#1077;&#1090; &#1079;&#1085;&#1072;&#1095;&#1077;&#1085;&#1080;&#1077; &#1053;&#1077;&#1090;</span><span class="step-duration">000ms</span></div>
      
            <div></div>
      <div></div>
          <div class="skipped"><span class="step-keyword">And  </span><span class="step-name">&#1055;&#1086;&#1083;&#1077; &#1047;&#1072;&#1088;&#1087;&#1083;&#1072;&#1090;&#1085;&#1099;&#1081; &#1082;&#1083;&#1080;&#1077;&#1085;&#1090; &#1089;&#1086;&#1076;&#1077;&#1088;&#1078;&#1080;&#1090; &#1079;&#1085;&#1072;&#1095;&#1077;&#1085;&#1080;&#1103; &#1044;&#1072;, &#1053;&#1077;&#1090;</span><span class="step-duration">000ms</span></div>
      
            <div></div>
      <div></div>
        
    <br>
      <div class="feature-tags"></div>
    
    <div class="passed"><span class="element-keyword">Scenario: </span><span class="element-name">&#1060;&#1072;&#1084;&#1080;&#1083;&#1080;&#1103; field is displayed</span></div>
          <div class="passed"><span class="step-keyword">Given  </span><span class="step-name">an open browser with https://anketa.alfabank.ru/alfaform_dc/step1?packetId=K01&amp;platformId=alfasite</span><span class="step-duration">02s 673ms</span></div>
      
            <div></div>
      <div></div>
          <div class="passed"><span class="step-keyword">Then  </span><span class="step-name">&#1055;&#1086;&#1083;&#1077; &#1060;&#1072;&#1084;&#1080;&#1083;&#1080;&#1103; exists</span><span class="step-duration">368ms</span></div>
      
            <div></div>
      <div></div>
          <div class="passed"><span class="step-keyword">And  </span><span class="step-name">&#1055;&#1086;&#1083;&#1077; &#1060;&#1072;&#1084;&#1080;&#1083;&#1080;&#1103; &#1088;&#1077;&#1076;&#1072;&#1082;&#1090;&#1080;&#1088;&#1091;&#1077;&#1084;&#1086;&#1077;</span><span class="step-duration">117ms</span></div>
      
            <div></div>
      <div></div>
          <div class="passed"><span class="step-keyword">And  </span><span class="step-name">&#1055;&#1086;&#1083;&#1077; &#1060;&#1072;&#1084;&#1080;&#1083;&#1080;&#1103; &#1080;&#1084;&#1077;&#1077;&#1090; &#1090;&#1080;&#1087; &#1058;&#1077;&#1082;&#1089;&#1090;&#1086;&#1074;&#1086;&#1077; &#1087;&#1086;&#1083;&#1077; &#1089; &#1087;&#1086;&#1076;&#1089;&#1082;&#1072;&#1079;&#1082;&#1086;&#1081;</span><span class="step-duration">039ms</span></div>
      
            <div></div>
      <div></div>
          <div class="passed"><span class="step-keyword">And  </span><span class="step-name">&#1055;&#1086;&#1083;&#1077; &#1060;&#1072;&#1084;&#1080;&#1083;&#1080;&#1103; &#1080;&#1084;&#1077;&#1077;&#1090; &#1079;&#1085;&#1072;&#1095;&#1077;&#1085;&#1080;&#1077; &#1087;&#1091;&#1089;&#1090;&#1086;&#1077;</span><span class="step-duration">041ms</span></div>
      
            <div></div>
      <div></div>
          <div class="passed"><span class="step-keyword">And  </span><span class="step-name">&#1055;&#1086;&#1083;&#1077; &#1060;&#1072;&#1084;&#1080;&#1083;&#1080;&#1103; &#1080;&#1084;&#1077;&#1077;&#1090; &#1076;&#1083;&#1080;&#1085;&#1091; 35 &#1089;&#1080;&#1084;&#1074;&#1086;&#1083;&#1086;&#1074;</span><span class="step-duration">036ms</span></div>
      
            <div></div>
      <div></div>
        
    <br>
      <div class="feature-tags"></div>
    
    <div class="failed"><span class="element-keyword">Scenario: </span><span class="element-name">&#1060;&#1072;&#1084;&#1080;&#1083;&#1080;&#1103; field accepts english letters, russian letters, space and dash</span></div>
          <div class="passed"><span class="step-keyword">Given  </span><span class="step-name">an open browser with https://anketa.alfabank.ru/alfaform_dc/step1?packetId=K01&amp;platformId=alfasite</span><span class="step-duration">01s 278ms</span></div>
      
            <div></div>
      <div></div>
          <div class="passed"><span class="step-keyword">When  </span><span class="step-name">I type &quot;qWaS1~!@#$%^&amp;*()_+&#1025;!&#8470;;%:?*()_+-={}[]&lt;&gt;?/\| to &#1060;&#1072;&#1084;&#1080;&#1083;&#1080;&#1103;</span><span class="step-duration">01s 149ms</span></div>
      
            <div></div>
      <div></div>
          <div class="failed"><span class="step-keyword">Then  </span><span class="step-name">&#1055;&#1086;&#1083;&#1077; &#1060;&#1072;&#1084;&#1080;&#1083;&#1080;&#1103; &#1080;&#1084;&#1077;&#1077;&#1090; &#1079;&#1085;&#1072;&#1095;&#1077;&#1085;&#1080;&#1077; qWaS1~!@#$%^&amp;*</span><span class="step-duration">04s 460ms</span><div class="output_message"><input class="output_collapse" id="output_685827172" type="checkbox"><label for="output_685827172">Element should have value 'qWaS1~!@#$%^&*' {By.id: lastName-id}</label><div>Element: '<input autocomplete="off" class="input_block__text ui-autocomplete-input" data-bind="autoComplete: lastName, caretPosition: lastName, modifyOnFocusOut: lastName,<br/>               validated: {'level' : 'ok'}, valueUpdate: ['afterkeydown', 'keyup']" id="lastName-id" maxlength="35" name="lastName" type="text" value="Эйцфыёёжж-Хъхъбю"></input>'<br/>Screenshot: file:/C:/Users/anast/git/newmavselcuc/newmavselcuc/build/reports/tests/1492508493441.2.png<br/>Timeout: 4 s.<br/>	at com.codeborne.selenide.impl.WebElementSource.checkCondition(WebElementSource.java:66)<br/>	at com.codeborne.selenide.commands.Should.should(Should.java:35)<br/>	at com.codeborne.selenide.commands.Should.execute(Should.java:29)<br/>	at com.codeborne.selenide.commands.Should.execute(Should.java:12)<br/>	at com.codeborne.selenide.commands.Commands.execute(Commands.java:140)<br/>	at com.codeborne.selenide.impl.SelenideElementProxy.dispatchAndRetry(SelenideElementProxy.java:86)<br/>	at com.codeborne.selenide.impl.SelenideElementProxy.invoke(SelenideElementProxy.java:62)<br/>	at com.sun.proxy.$Proxy13.shouldHave(Unknown Source)<br/>	at cucumberJava.openRegForm.поле_имеет_значение(openRegForm.java:87)<br/>	at ✽.Then Поле Фамилия имеет значение qWaS1~!@#$%^&*(mainInfoPage.feature:36)<br/></div></div></div>
      
            <div></div>
      <div></div>
        
    <br>
      <div class="feature-tags"></div>
    
    <div class="passed"><span class="element-keyword">Scenario: </span><span class="element-name">&#1048;&#1084;&#1103; field is displayed</span></div>
          <div class="passed"><span class="step-keyword">Given  </span><span class="step-name">an open browser with https://anketa.alfabank.ru/alfaform_dc/step1?packetId=K01&amp;platformId=alfasite</span><span class="step-duration">02s 134ms</span></div>
      
            <div></div>
      <div></div>
          <div class="passed"><span class="step-keyword">Then  </span><span class="step-name">&#1055;&#1086;&#1083;&#1077; &#1048;&#1084;&#1103; exists</span><span class="step-duration">078ms</span></div>
      
            <div></div>
      <div></div>
          <div class="passed"><span class="step-keyword">And  </span><span class="step-name">&#1055;&#1086;&#1083;&#1077; &#1048;&#1084;&#1103; &#1088;&#1077;&#1076;&#1072;&#1082;&#1090;&#1080;&#1088;&#1091;&#1077;&#1084;&#1086;&#1077;</span><span class="step-duration">091ms</span></div>
      
            <div></div>
      <div></div>
          <div class="passed"><span class="step-keyword">And  </span><span class="step-name">&#1055;&#1086;&#1083;&#1077; &#1048;&#1084;&#1103; &#1080;&#1084;&#1077;&#1077;&#1090; &#1090;&#1080;&#1087; &#1058;&#1077;&#1082;&#1089;&#1090;&#1086;&#1074;&#1086;&#1077; &#1087;&#1086;&#1083;&#1077; &#1089; &#1087;&#1086;&#1076;&#1089;&#1082;&#1072;&#1079;&#1082;&#1086;&#1081;</span><span class="step-duration">033ms</span></div>
      
            <div></div>
      <div></div>
          <div class="passed"><span class="step-keyword">And  </span><span class="step-name">&#1055;&#1086;&#1083;&#1077; &#1048;&#1084;&#1103; &#1080;&#1084;&#1077;&#1077;&#1090; &#1079;&#1085;&#1072;&#1095;&#1077;&#1085;&#1080;&#1077; &#1087;&#1091;&#1089;&#1090;&#1086;&#1077;</span><span class="step-duration">035ms</span></div>
      
            <div></div>
      <div></div>
          <div class="passed"><span class="step-keyword">And  </span><span class="step-name">&#1055;&#1086;&#1083;&#1077; &#1048;&#1084;&#1103; &#1080;&#1084;&#1077;&#1077;&#1090; &#1076;&#1083;&#1080;&#1085;&#1091; 35 &#1089;&#1080;&#1084;&#1074;&#1086;&#1083;&#1086;&#1074;</span><span class="step-duration">032ms</span></div>
      
            <div></div>
      <div></div>
        
    <br>
      <div class="feature-tags"></div>
    
    <div class="failed"><span class="element-keyword">Scenario: </span><span class="element-name">&#1048;&#1084;&#1103; field accepts english letters, russian letters, space and dash</span></div>
          <div class="passed"><span class="step-keyword">Given  </span><span class="step-name">an open browser with https://anketa.alfabank.ru/alfaform_dc/step1?packetId=K01&amp;platformId=alfasite</span><span class="step-duration">01s 724ms</span></div>
      
            <div></div>
      <div></div>
          <div class="passed"><span class="step-keyword">When  </span><span class="step-name">I type &quot;qWaS1~!@#$%^&amp;*()_+&#1025;!&#8470;;%:?*()_+-={}[]&lt;&gt;?/\| to &#1048;&#1084;&#1103;</span><span class="step-duration">01s 189ms</span></div>
      
            <div></div>
      <div></div>
          <div class="failed"><span class="step-keyword">Then  </span><span class="step-name">&#1055;&#1086;&#1083;&#1077; &#1048;&#1084;&#1103; &#1080;&#1084;&#1077;&#1077;&#1090; &#1079;&#1085;&#1072;&#1095;&#1077;&#1085;&#1080;&#1077; qWaS1~!@#$%^&amp;*</span><span class="step-duration">04s 233ms</span><div class="output_message"><input class="output_collapse" id="output_496556704" type="checkbox"><label for="output_496556704">Element should have value 'qWaS1~!@#$%^&*' {By.id: firstName-id}</label><div>Element: '<input autocomplete="off" class="input_block__text ui-autocomplete-input" data-bind="autoComplete: firstName, caretPosition: firstName, modifyOnFocusOut:firstName,<br/>               validated: {'level' : 'ok'}, valueUpdate: ['afterkeydown', 'keyup']" id="firstName-id" maxlength="35" name="firstName" type="text" value="Эйцфыёёжж-Хъхъбю"></input>'<br/>Screenshot: file:/C:/Users/anast/git/newmavselcuc/newmavselcuc/build/reports/tests/1492508503151.3.png<br/>Timeout: 4 s.<br/>	at com.codeborne.selenide.impl.WebElementSource.checkCondition(WebElementSource.java:66)<br/>	at com.codeborne.selenide.commands.Should.should(Should.java:35)<br/>	at com.codeborne.selenide.commands.Should.execute(Should.java:29)<br/>	at com.codeborne.selenide.commands.Should.execute(Should.java:12)<br/>	at com.codeborne.selenide.commands.Commands.execute(Commands.java:140)<br/>	at com.codeborne.selenide.impl.SelenideElementProxy.dispatchAndRetry(SelenideElementProxy.java:86)<br/>	at com.codeborne.selenide.impl.SelenideElementProxy.invoke(SelenideElementProxy.java:62)<br/>	at com.sun.proxy.$Proxy13.shouldHave(Unknown Source)<br/>	at cucumberJava.openRegForm.поле_имеет_значение(openRegForm.java:87)<br/>	at ✽.Then Поле Имя имеет значение qWaS1~!@#$%^&*(mainInfoPage.feature:53)<br/></div></div></div>
      
            <div></div>
      <div></div>
        
    <br>
      <div class="feature-tags"></div>
    
    <div class="passed"><span class="element-keyword">Scenario: </span><span class="element-name">&#1054;&#1090;&#1095;&#1077;&#1089;&#1090;&#1074;&#1086; field is displayed</span></div>
          <div class="passed"><span class="step-keyword">Given  </span><span class="step-name">an open browser with https://anketa.alfabank.ru/alfaform_dc/step1?packetId=K01&amp;platformId=alfasite</span><span class="step-duration">01s 685ms</span></div>
      
            <div></div>
      <div></div>
          <div class="passed"><span class="step-keyword">Then  </span><span class="step-name">&#1055;&#1086;&#1083;&#1077; &#1054;&#1090;&#1095;&#1077;&#1089;&#1090;&#1074;&#1086; exists</span><span class="step-duration">131ms</span></div>
      
            <div></div>
      <div></div>
          <div class="passed"><span class="step-keyword">And  </span><span class="step-name">&#1055;&#1086;&#1083;&#1077; &#1054;&#1090;&#1095;&#1077;&#1089;&#1090;&#1074;&#1086; &#1088;&#1077;&#1076;&#1072;&#1082;&#1090;&#1080;&#1088;&#1091;&#1077;&#1084;&#1086;&#1077;</span><span class="step-duration">177ms</span></div>
      
            <div></div>
      <div></div>
          <div class="passed"><span class="step-keyword">And  </span><span class="step-name">&#1055;&#1086;&#1083;&#1077; &#1054;&#1090;&#1095;&#1077;&#1089;&#1090;&#1074;&#1086; &#1080;&#1084;&#1077;&#1077;&#1090; &#1090;&#1080;&#1087; &#1058;&#1077;&#1082;&#1089;&#1090;&#1086;&#1074;&#1086;&#1077; &#1087;&#1086;&#1083;&#1077; &#1089; &#1087;&#1086;&#1076;&#1089;&#1082;&#1072;&#1079;&#1082;&#1086;&#1081;</span><span class="step-duration">045ms</span></div>
      
            <div></div>
      <div></div>
          <div class="passed"><span class="step-keyword">And  </span><span class="step-name">&#1055;&#1086;&#1083;&#1077; &#1054;&#1090;&#1095;&#1077;&#1089;&#1090;&#1074;&#1086; &#1080;&#1084;&#1077;&#1077;&#1090; &#1079;&#1085;&#1072;&#1095;&#1077;&#1085;&#1080;&#1077; &#1087;&#1091;&#1089;&#1090;&#1086;&#1077;</span><span class="step-duration">054ms</span></div>
      
            <div></div>
      <div></div>
          <div class="passed"><span class="step-keyword">And  </span><span class="step-name">&#1055;&#1086;&#1083;&#1077; &#1054;&#1090;&#1095;&#1077;&#1089;&#1090;&#1074;&#1086; &#1080;&#1084;&#1077;&#1077;&#1090; &#1076;&#1083;&#1080;&#1085;&#1091; 35 &#1089;&#1080;&#1084;&#1074;&#1086;&#1083;&#1086;&#1074;</span><span class="step-duration">053ms</span></div>
      
            <div></div>
      <div></div>
        
    <br>
      <div class="feature-tags"></div>
    
    <div class="failed"><span class="element-keyword">Scenario: </span><span class="element-name">&#1054;&#1090;&#1095;&#1077;&#1089;&#1090;&#1074;&#1086; field accepts english letters, russian letters, space and dash</span></div>
          <div class="passed"><span class="step-keyword">Given  </span><span class="step-name">an open browser with https://anketa.alfabank.ru/alfaform_dc/step1?packetId=K01&amp;platformId=alfasite</span><span class="step-duration">01s 835ms</span></div>
      
            <div></div>
      <div></div>
          <div class="passed"><span class="step-keyword">When  </span><span class="step-name">I type &quot;qWaS1~!@#$%^&amp;*()_+&#1025;!&#8470;;%:?*()_+-={}[]&lt;&gt;?/\| to &#1054;&#1090;&#1095;&#1077;&#1089;&#1090;&#1074;&#1086;</span><span class="step-duration">01s 334ms</span></div>
      
            <div></div>
      <div></div>
          <div class="failed"><span class="step-keyword">Then  </span><span class="step-name">&#1055;&#1086;&#1083;&#1077; &#1054;&#1090;&#1095;&#1077;&#1089;&#1090;&#1074;&#1086; &#1080;&#1084;&#1077;&#1077;&#1090; &#1079;&#1085;&#1072;&#1095;&#1077;&#1085;&#1080;&#1077; qWaS1~!@#$%^&amp;*</span><span class="step-duration">04s 519ms</span><div class="output_message"><input class="output_collapse" id="output_1890097328" type="checkbox"><label for="output_1890097328">Element should have value 'qWaS1~!@#$%^&*' {By.id: midName-id}</label><div>Element: '<input autocomplete="off" class="input_block__text ui-autocomplete-input" data-bind="autoComplete: midName, caretPosition: midName, modifyOnFocusOut: midName, tip ,validated: {'level' : 'ok'}, valueUpdate: ['afterkeydown', 'keyup']" id="midName-id" maxlength="35" name="midName" type="text" value="Эйцфыёёжж-Хъхъбю"></input>'<br/>Screenshot: file:/C:/Users/anast/git/newmavselcuc/newmavselcuc/build/reports/tests/1492508512966.4.png<br/>Timeout: 4 s.<br/>	at com.codeborne.selenide.impl.WebElementSource.checkCondition(WebElementSource.java:66)<br/>	at com.codeborne.selenide.commands.Should.should(Should.java:35)<br/>	at com.codeborne.selenide.commands.Should.execute(Should.java:29)<br/>	at com.codeborne.selenide.commands.Should.execute(Should.java:12)<br/>	at com.codeborne.selenide.commands.Commands.execute(Commands.java:140)<br/>	at com.codeborne.selenide.impl.SelenideElementProxy.dispatchAndRetry(SelenideElementProxy.java:86)<br/>	at com.codeborne.selenide.impl.SelenideElementProxy.invoke(SelenideElementProxy.java:62)<br/>	at com.sun.proxy.$Proxy13.shouldHave(Unknown Source)<br/>	at cucumberJava.openRegForm.поле_имеет_значение(openRegForm.java:87)<br/>	at ✽.Then Поле Отчество имеет значение qWaS1~!@#$%^&*(mainInfoPage.feature:69)<br/></div></div></div>
      
            <div></div>
      <div></div>
        
    <br>
      <div class="feature-tags"></div>
    
    <div class="passed"><span class="element-keyword">Scenario: </span><span class="element-name">&#1048;&#1084;&#1103; &#1085;&#1072; &#1088;&#1072;&#1089;&#1095;&#1077;&#1090;&#1085;&#1086;&#1081; &#1082;&#1072;&#1088;&#1090;&#1077; is displayed</span></div>
          <div class="passed"><span class="step-keyword">Given  </span><span class="step-name">an open browser with https://anketa.alfabank.ru/alfaform_dc/step1?packetId=K01&amp;platformId=alfasite</span><span class="step-duration">16s 874ms</span></div>
      
            <div></div>
      <div></div>
          <div class="passed"><span class="step-keyword">Then  </span><span class="step-name">&#1055;&#1086;&#1083;&#1077; &#1048;&#1084;&#1103; &#1085;&#1072; &#1088;&#1072;&#1089;&#1095;&#1077;&#1090;&#1085;&#1086;&#1081; &#1082;&#1072;&#1088;&#1090;&#1077; exists</span><span class="step-duration">122ms</span></div>
      
            <div></div>
      <div></div>
          <div class="passed"><span class="step-keyword">And  </span><span class="step-name">&#1055;&#1086;&#1083;&#1077; &#1048;&#1084;&#1103; &#1085;&#1072; &#1088;&#1072;&#1089;&#1095;&#1077;&#1090;&#1085;&#1086;&#1081; &#1082;&#1072;&#1088;&#1090;&#1077; &#1088;&#1077;&#1076;&#1072;&#1082;&#1090;&#1080;&#1088;&#1091;&#1077;&#1084;&#1086;&#1077;</span><span class="step-duration">131ms</span></div>
      
            <div></div>
      <div></div>
          <div class="passed"><span class="step-keyword">And  </span><span class="step-name">&#1055;&#1086;&#1083;&#1077; &#1048;&#1084;&#1103; &#1085;&#1072; &#1088;&#1072;&#1089;&#1095;&#1077;&#1090;&#1085;&#1086;&#1081; &#1082;&#1072;&#1088;&#1090;&#1077; &#1080;&#1084;&#1077;&#1077;&#1090; &#1090;&#1080;&#1087; &#1058;&#1077;&#1082;&#1089;&#1090;&#1086;&#1074;&#1086;&#1077; &#1087;&#1086;&#1083;&#1077;</span><span class="step-duration">038ms</span></div>
      
            <div></div>
      <div></div>
          <div class="passed"><span class="step-keyword">And  </span><span class="step-name">&#1055;&#1086;&#1083;&#1077; &#1048;&#1084;&#1103; &#1085;&#1072; &#1088;&#1072;&#1089;&#1095;&#1077;&#1090;&#1085;&#1086;&#1081; &#1082;&#1072;&#1088;&#1090;&#1077; &#1080;&#1084;&#1077;&#1077;&#1090; &#1079;&#1085;&#1072;&#1095;&#1077;&#1085;&#1080;&#1077; &#1087;&#1091;&#1089;&#1090;&#1086;&#1077;</span><span class="step-duration">046ms</span></div>
      
            <div></div>
      <div></div>
          <div class="passed"><span class="step-keyword">And  </span><span class="step-name">&#1055;&#1086;&#1083;&#1077; &#1048;&#1084;&#1103; &#1085;&#1072; &#1088;&#1072;&#1089;&#1095;&#1077;&#1090;&#1085;&#1086;&#1081; &#1082;&#1072;&#1088;&#1090;&#1077; &#1080;&#1084;&#1077;&#1077;&#1090; &#1076;&#1083;&#1080;&#1085;&#1091; 35 &#1089;&#1080;&#1084;&#1074;&#1086;&#1083;&#1086;&#1074;</span><span class="step-duration">034ms</span></div>
      
            <div></div>
      <div></div>
        
    <br>
      <div class="feature-tags"></div>
    
    <div class="passed"><span class="element-keyword">Scenario: </span><span class="element-name">&#1055;&#1086;&#1083;&#1077; &#1048;&#1084;&#1103; &#1085;&#1072; &#1088;&#1072;&#1089;&#1095;&#1077;&#1090;&#1085;&#1086;&#1081; &#1082;&#1072;&#1088;&#1090;&#1077; &#1079;&#1072;&#1087;&#1086;&#1083;&#1085;&#1103;&#1077;&#1090;&#1089;&#1103; &#1090;&#1088;&#1072;&#1085;&#1089;&#1083;&#1080;&#1090;&#1077;&#1088;&#1072;&#1094;&#1080;&#1077;&#1081; &#1048;&#1084;&#1103; + &#1054;&#1090;&#1095;&#1077;&#1089;&#1090;&#1074;&#1086;</span></div>
          <div class="passed"><span class="step-keyword">Given  </span><span class="step-name">an open browser with https://anketa.alfabank.ru/alfaform_dc/step1?packetId=K01&amp;platformId=alfasite</span><span class="step-duration">02s 601ms</span></div>
      
            <div></div>
      <div></div>
          <div class="passed"><span class="step-keyword">When  </span><span class="step-name">I type &#1055;&#1077;&#1090;&#1088;&#1086;&#1074; to &#1060;&#1072;&#1084;&#1080;&#1083;&#1080;&#1103;</span><span class="step-duration">344ms</span></div>
      
            <div></div>
      <div></div>
          <div class="passed"><span class="step-keyword">And  </span><span class="step-name">I type &#1048;&#1074;&#1072;&#1085; to &#1048;&#1084;&#1103;</span><span class="step-duration">243ms</span></div>
      
            <div></div>
      <div></div>
          <div class="passed"><span class="step-keyword">Then  </span><span class="step-name">&#1055;&#1086;&#1083;&#1077; &#1048;&#1084;&#1103; &#1085;&#1072; &#1088;&#1072;&#1089;&#1095;&#1077;&#1090;&#1085;&#1086;&#1081; &#1082;&#1072;&#1088;&#1090;&#1077; &#1080;&#1084;&#1077;&#1077;&#1090; &#1079;&#1085;&#1072;&#1095;&#1077;&#1085;&#1080;&#1077; Ivan Petrov</span><span class="step-duration">263ms</span></div>
      
            <div></div>
      <div></div>
        
    <br>
      <div class="feature-tags"></div>
    
    <div class="failed"><span class="element-keyword">Scenario: </span><span class="element-name">&#1048;&#1084;&#1103; &#1085;&#1072; &#1088;&#1072;&#1089;&#1095;&#1077;&#1090;&#1085;&#1086;&#1081; &#1082;&#1072;&#1088;&#1090;&#1077; field accepts english capital letters, space, dot, slash/ and dash</span></div>
          <div class="passed"><span class="step-keyword">Given  </span><span class="step-name">an open browser with https://anketa.alfabank.ru/alfaform_dc/step1?packetId=K01&amp;platformId=alfasite</span><span class="step-duration">02s 489ms</span></div>
      
            <div></div>
      <div></div>
          <div class="passed"><span class="step-keyword">When  </span><span class="step-name">I type &quot;qWaS1~!@#$%^&amp;*()_+&#1025;!&#8470;;%:?*()_+-={}[]&lt;&gt;?/\| to &#1048;&#1084;&#1103; &#1085;&#1072; &#1088;&#1072;&#1089;&#1095;&#1077;&#1090;&#1085;&#1086;&#1081; &#1082;&#1072;&#1088;&#1090;&#1077;</span><span class="step-duration">01s 010ms</span></div>
      
            <div></div>
      <div></div>
          <div class="failed"><span class="step-keyword">Then  </span><span class="step-name">&#1055;&#1086;&#1083;&#1077; &#1048;&#1084;&#1103; &#1085;&#1072; &#1088;&#1072;&#1089;&#1095;&#1077;&#1090;&#1085;&#1086;&#1081; &#1082;&#1072;&#1088;&#1090;&#1077; &#1080;&#1084;&#1077;&#1077;&#1090; &#1079;&#1085;&#1072;&#1095;&#1077;&#1085;&#1080;&#1077; qWaS1~!@#$%^&amp;*</span><span class="step-duration">04s 669ms</span><div class="output_message"><input class="output_collapse" id="output_2078237101" type="checkbox"><label for="output_2078237101">Element should have value 'qWaS1~!@#$%^&*' {By.id: embossingFIO-id}</label><div>Element: '<input autocomplete="off" class="input_block__text" data-bind="textInput: embossingFIO, hasFocus: enableEmbossingFIO" id="embossingFIO-id" maxlength="35" name="embossingFIO" type="text" value="QWAS-/"></input>'<br/>Screenshot: file:/C:/Users/anast/git/newmavselcuc/newmavselcuc/build/reports/tests/1492508541603.5.png<br/>Timeout: 4 s.<br/>	at com.codeborne.selenide.impl.WebElementSource.checkCondition(WebElementSource.java:66)<br/>	at com.codeborne.selenide.commands.Should.should(Should.java:35)<br/>	at com.codeborne.selenide.commands.Should.execute(Should.java:29)<br/>	at com.codeborne.selenide.commands.Should.execute(Should.java:12)<br/>	at com.codeborne.selenide.commands.Commands.execute(Commands.java:140)<br/>	at com.codeborne.selenide.impl.SelenideElementProxy.dispatchAndRetry(SelenideElementProxy.java:86)<br/>	at com.codeborne.selenide.impl.SelenideElementProxy.invoke(SelenideElementProxy.java:62)<br/>	at com.sun.proxy.$Proxy13.shouldHave(Unknown Source)<br/>	at cucumberJava.openRegForm.поле_имеет_значение(openRegForm.java:87)<br/>	at ✽.Then Поле Имя на расчетной карте имеет значение qWaS1~!@#$%^&*(mainInfoPage.feature:92)<br/></div></div></div>
      
            <div></div>
      <div></div>
        
    <br>
      <div class="feature-tags"></div>
    
    <div class="passed"><span class="element-keyword">Scenario: </span><span class="element-name">&#1050;&#1086;&#1076;&#1086;&#1074;&#1086;&#1077; &#1089;&#1083;&#1086;&#1074;&#1086; is displayed</span></div>
          <div class="passed"><span class="step-keyword">Given  </span><span class="step-name">an open browser with https://anketa.alfabank.ru/alfaform_dc/step1?packetId=K01&amp;platformId=alfasite</span><span class="step-duration">02s 883ms</span></div>
      
            <div></div>
      <div></div>
          <div class="passed"><span class="step-keyword">Then  </span><span class="step-name">&#1055;&#1086;&#1083;&#1077; &#1050;&#1086;&#1076;&#1086;&#1074;&#1086;&#1077; &#1089;&#1083;&#1086;&#1074;&#1086; exists</span><span class="step-duration">089ms</span></div>
      
            <div></div>
      <div></div>
          <div class="passed"><span class="step-keyword">And  </span><span class="step-name">&#1055;&#1086;&#1083;&#1077; &#1050;&#1086;&#1076;&#1086;&#1074;&#1086;&#1077; &#1089;&#1083;&#1086;&#1074;&#1086; &#1088;&#1077;&#1076;&#1072;&#1082;&#1090;&#1080;&#1088;&#1091;&#1077;&#1084;&#1086;&#1077;</span><span class="step-duration">133ms</span></div>
      
            <div></div>
      <div></div>
          <div class="passed"><span class="step-keyword">And  </span><span class="step-name">&#1055;&#1086;&#1083;&#1077; &#1050;&#1086;&#1076;&#1086;&#1074;&#1086;&#1077; &#1089;&#1083;&#1086;&#1074;&#1086; &#1080;&#1084;&#1077;&#1077;&#1090; &#1090;&#1080;&#1087; &#1058;&#1077;&#1082;&#1089;&#1090;&#1086;&#1074;&#1086;&#1077; &#1087;&#1086;&#1083;&#1077;</span><span class="step-duration">031ms</span></div>
      
            <div></div>
      <div></div>
          <div class="passed"><span class="step-keyword">And  </span><span class="step-name">&#1055;&#1086;&#1083;&#1077; &#1050;&#1086;&#1076;&#1086;&#1074;&#1086;&#1077; &#1089;&#1083;&#1086;&#1074;&#1086; &#1080;&#1084;&#1077;&#1077;&#1090; &#1079;&#1085;&#1072;&#1095;&#1077;&#1085;&#1080;&#1077; &#1087;&#1091;&#1089;&#1090;&#1086;&#1077;</span><span class="step-duration">033ms</span></div>
      
            <div></div>
      <div></div>
          <div class="passed"><span class="step-keyword">And  </span><span class="step-name">&#1055;&#1086;&#1083;&#1077; &#1050;&#1086;&#1076;&#1086;&#1074;&#1086;&#1077; &#1089;&#1083;&#1086;&#1074;&#1086; &#1080;&#1084;&#1077;&#1077;&#1090; &#1076;&#1083;&#1080;&#1085;&#1091; 35 &#1089;&#1080;&#1084;&#1074;&#1086;&#1083;&#1086;&#1074;</span><span class="step-duration">030ms</span></div>
      
            <div></div>
      <div></div>
        
    <br>
      <div class="feature-tags"></div>
    
    <div class="failed"><span class="element-keyword">Scenario: </span><span class="element-name">&#1048;&#1084;&#1103; &#1085;&#1072; &#1088;&#1072;&#1089;&#1095;&#1077;&#1090;&#1085;&#1086;&#1081; &#1082;&#1072;&#1088;&#1090;&#1077; field accepts english capital letters, space, dot, slash/ and dash</span></div>
          <div class="passed"><span class="step-keyword">Given  </span><span class="step-name">an open browser with https://anketa.alfabank.ru/alfaform_dc/step1?packetId=K01&amp;platformId=alfasite</span><span class="step-duration">02s 760ms</span></div>
      
            <div></div>
      <div></div>
          <div class="passed"><span class="step-keyword">When  </span><span class="step-name">I type &quot;qWaS1~!@#$%^&amp;*()_+&#1025;!&#8470;;%:?*()_+-={}[]&lt;&gt;?/\| to &#1048;&#1084;&#1103; &#1085;&#1072; &#1088;&#1072;&#1089;&#1095;&#1077;&#1090;&#1085;&#1086;&#1081; &#1082;&#1072;&#1088;&#1090;&#1077;</span><span class="step-duration">01s 125ms</span></div>
      
            <div></div>
      <div></div>
          <div class="failed"><span class="step-keyword">Then  </span><span class="step-name">&#1055;&#1086;&#1083;&#1077; &#1048;&#1084;&#1103; &#1085;&#1072; &#1088;&#1072;&#1089;&#1095;&#1077;&#1090;&#1085;&#1086;&#1081; &#1082;&#1072;&#1088;&#1090;&#1077; &#1080;&#1084;&#1077;&#1077;&#1090; &#1079;&#1085;&#1072;&#1095;&#1077;&#1085;&#1080;&#1077; qWaS1~!@#$%^&amp;*</span><span class="step-duration">04s 730ms</span><div class="output_message"><input class="output_collapse" id="output_1412655478" type="checkbox"><label for="output_1412655478">Element should have value 'qWaS1~!@#$%^&*' {By.id: embossingFIO-id}</label><div>Element: '<input autocomplete="off" class="input_block__text" data-bind="textInput: embossingFIO, hasFocus: enableEmbossingFIO" id="embossingFIO-id" maxlength="35" name="embossingFIO" type="text" value="QWAS-/"></input>'<br/>Screenshot: file:/C:/Users/anast/git/newmavselcuc/newmavselcuc/build/reports/tests/1492508553281.6.png<br/>Timeout: 4 s.<br/>	at com.codeborne.selenide.impl.WebElementSource.checkCondition(WebElementSource.java:66)<br/>	at com.codeborne.selenide.commands.Should.should(Should.java:35)<br/>	at com.codeborne.selenide.commands.Should.execute(Should.java:29)<br/>	at com.codeborne.selenide.commands.Should.execute(Should.java:12)<br/>	at com.codeborne.selenide.commands.Commands.execute(Commands.java:140)<br/>	at com.codeborne.selenide.impl.SelenideElementProxy.dispatchAndRetry(SelenideElementProxy.java:86)<br/>	at com.codeborne.selenide.impl.SelenideElementProxy.invoke(SelenideElementProxy.java:62)<br/>	at com.sun.proxy.$Proxy13.shouldHave(Unknown Source)<br/>	at cucumberJava.openRegForm.поле_имеет_значение(openRegForm.java:87)<br/>	at ✽.Then Поле Имя на расчетной карте имеет значение qWaS1~!@#$%^&*(mainInfoPage.feature:108)<br/></div></div></div>
      
            <div></div>
      <div></div>
        
    <br>
      <div class="feature-tags"></div>
    
    <div class="passed"><span class="element-keyword">Scenario: </span><span class="element-name">&#1044;&#1072;&#1090;&#1072; &#1088;&#1086;&#1078;&#1076;&#1077;&#1085;&#1080;&#1103; is displayed</span></div>
          <div class="passed"><span class="step-keyword">Given  </span><span class="step-name">an open browser with https://anketa.alfabank.ru/alfaform_dc/step1?packetId=K01&amp;platformId=alfasite</span><span class="step-duration">03s 117ms</span></div>
      
            <div></div>
      <div></div>
          <div class="passed"><span class="step-keyword">Then  </span><span class="step-name">&#1055;&#1086;&#1083;&#1077; &#1044;&#1072;&#1090;&#1072; &#1088;&#1086;&#1078;&#1076;&#1077;&#1085;&#1080;&#1103; exists</span><span class="step-duration">097ms</span></div>
      
            <div></div>
      <div></div>
          <div class="passed"><span class="step-keyword">And  </span><span class="step-name">&#1055;&#1086;&#1083;&#1077; &#1044;&#1072;&#1090;&#1072; &#1088;&#1086;&#1078;&#1076;&#1077;&#1085;&#1080;&#1103; &#1088;&#1077;&#1076;&#1072;&#1082;&#1090;&#1080;&#1088;&#1091;&#1077;&#1084;&#1086;&#1077;</span><span class="step-duration">103ms</span></div>
      
            <div></div>
      <div></div>
          <div class="passed"><span class="step-keyword">And  </span><span class="step-name">&#1055;&#1086;&#1083;&#1077; &#1044;&#1072;&#1090;&#1072; &#1088;&#1086;&#1078;&#1076;&#1077;&#1085;&#1080;&#1103; &#1080;&#1084;&#1077;&#1077;&#1090; &#1090;&#1080;&#1087; &#1044;&#1072;&#1090;&#1072;</span><span class="step-duration">029ms</span></div>
      
            <div></div>
      <div></div>
          <div class="passed"><span class="step-keyword">And  </span><span class="step-name">&#1055;&#1086;&#1083;&#1077; &#1044;&#1072;&#1090;&#1072; &#1088;&#1086;&#1078;&#1076;&#1077;&#1085;&#1080;&#1103; &#1080;&#1084;&#1077;&#1077;&#1090; &#1079;&#1085;&#1072;&#1095;&#1077;&#1085;&#1080;&#1077; &#1087;&#1091;&#1089;&#1090;&#1086;&#1077;</span><span class="step-duration">034ms</span></div>
      
            <div></div>
      <div></div>
        
    <br>
      <div class="feature-tags"></div>
    
    <div class="failed"><span class="element-keyword">Scenario: </span><span class="element-name">&#1044;&#1072;&#1090;&#1072; &#1088;&#1086;&#1078;&#1076;&#1077;&#1085;&#1080;&#1103; &#1085;&#1077; &#1084;&#1086;&#1078;&#1077;&#1090; &#1073;&#1099;&#1090;&#1100; &#1084;&#1077;&#1085;&#1100;&#1096;&#1077; 01.01.1920</span></div>
          <div class="passed"><span class="step-keyword">Given  </span><span class="step-name">an open browser with https://anketa.alfabank.ru/alfaform_dc/step1?packetId=K01&amp;platformId=alfasite</span><span class="step-duration">04s 625ms</span></div>
      
            <div></div>
      <div></div>
          <div class="failed"><span class="step-keyword">When  </span><span class="step-name">I type 31.12.1919 to &#1044;&#1072;&#1090;&#1072; &#1088;&#1086;&#1078;&#1076;&#1077;&#1085;&#1080;&#1103;</span><span class="step-duration">04s 399ms</span><div class="output_message"><input class="output_collapse" id="output_254145674" type="checkbox"><label for="output_254145674">Element should be visible {By.id: birthDate-id}</label><div>Element: '<input class="nf-widget-date " data-bind="date: birthDate, name: 'birthDate'" id="birthDate-id" name="birthDate" type="text" displayed:false></input>'<br/>Screenshot: file:/C:/Users/anast/git/newmavselcuc/newmavselcuc/build/reports/tests/1492508566087.7.png<br/>Timeout: 4 s.<br/>	at com.codeborne.selenide.impl.WebElementSource.checkCondition(WebElementSource.java:66)<br/>	at com.codeborne.selenide.impl.WebElementSource.findAndAssertElementIsVisible(WebElementSource.java:72)<br/>	at com.codeborne.selenide.commands.SetValue.execute(SetValue.java:20)<br/>	at com.codeborne.selenide.commands.SetValue.execute(SetValue.java:13)<br/>	at com.codeborne.selenide.commands.Commands.execute(Commands.java:140)<br/>	at com.codeborne.selenide.impl.SelenideElementProxy.dispatchAndRetry(SelenideElementProxy.java:86)<br/>	at com.codeborne.selenide.impl.SelenideElementProxy.invoke(SelenideElementProxy.java:62)<br/>	at com.sun.proxy.$Proxy13.setValue(Unknown Source)<br/>	at cucumberJava.openRegForm.i_type_to(openRegForm.java:105)<br/>	at ✽.When I type 31.12.1919 to Дата рождения(mainInfoPage.feature:120)<br/></div></div></div>
      
            <div></div>
      <div></div>
          <div class="skipped"><span class="step-keyword">And  </span><span class="step-name">click &#1057;&#1086;&#1093;&#1088;&#1072;&#1085;&#1080;&#1090;&#1100;</span><span class="step-duration">000ms</span></div>
      
            <div></div>
      <div></div>
          <div class="undefined"><span class="step-keyword">Then  </span><span class="step-name">&#1055;&#1086;&#1103;&#1074;&#1083;&#1103;&#1077;&#1090;&#1089;&#1103; &#1086;&#1096;&#1080;&#1073;&#1082;&#1072; &#1044;&#1072;&#1090;&#1072; &#1088;&#1086;&#1078;&#1076;&#1077;&#1085;&#1080;&#1103; &#1085;&#1077; &#1084;&#1086;&#1078;&#1077;&#1090; &#1073;&#1099;&#1090;&#1100; &#1084;&#1077;&#1085;&#1100;&#1096;&#1077; 01.01.1920</span><span class="step-duration">000ms</span></div>
      
            <div></div>
      <div></div>
        
    <br>
      <div class="feature-tags"></div>
    
    <div class="failed"><span class="element-keyword">Scenario: </span><span class="element-name">&#1044;&#1072;&#1090;&#1072; &#1088;&#1086;&#1078;&#1076;&#1077;&#1085;&#1080;&#1103; &#1085;&#1077; &#1084;&#1086;&#1078;&#1077;&#1090; &#1073;&#1099;&#1090;&#1100; &#1073;&#1086;&#1083;&#1100;&#1096;&#1077; &#1074;&#1095;&#1077;&#1088;&#1072;&#1096;&#1085;&#1077;&#1081;</span></div>
          <div class="passed"><span class="step-keyword">Given  </span><span class="step-name">an open browser with https://anketa.alfabank.ru/alfaform_dc/step1?packetId=K01&amp;platformId=alfasite</span><span class="step-duration">04s 611ms</span></div>
      
            <div></div>
      <div></div>
          <div class="failed"><span class="step-keyword">When  </span><span class="step-name">I type &#1089;&#1077;&#1075;&#1086;&#1076;&#1085;&#1103; to &#1044;&#1072;&#1090;&#1072; &#1088;&#1086;&#1078;&#1076;&#1077;&#1085;&#1080;&#1103;</span><span class="step-duration">03s 338ms</span><div class="output_message"><input class="output_collapse" id="output_194838923" type="checkbox"><label for="output_194838923">java.time.temporal.UnsupportedTemporalTypeException: Unsupported field: MinuteOfHour</label><div>	at java.time.LocalDate.get0(LocalDate.java:680)<br/>	at java.time.LocalDate.getLong(LocalDate.java:659)<br/>	at java.time.format.DateTimePrintContext.getValue(DateTimePrintContext.java:298)<br/>	at java.time.format.DateTimeFormatterBuilder$NumberPrinterParser.format(DateTimeFormatterBuilder.java:2540)<br/>	at java.time.format.DateTimeFormatterBuilder$CompositePrinterParser.format(DateTimeFormatterBuilder.java:2179)<br/>	at java.time.format.DateTimeFormatter.formatTo(DateTimeFormatter.java:1746)<br/>	at java.time.format.DateTimeFormatter.format(DateTimeFormatter.java:1720)<br/>	at cucumberJava.openRegForm.i_type_to(openRegForm.java:101)<br/>	at ✽.When I type сегодня to Дата рождения(mainInfoPage.feature:126)<br/></div></div></div>
      
            <div></div>
      <div></div>
          <div class="skipped"><span class="step-keyword">And  </span><span class="step-name">click &#1057;&#1086;&#1093;&#1088;&#1072;&#1085;&#1080;&#1090;&#1100;</span><span class="step-duration">000ms</span></div>
      
            <div></div>
      <div></div>
          <div class="undefined"><span class="step-keyword">Then  </span><span class="step-name">&#1055;&#1086;&#1103;&#1074;&#1083;&#1103;&#1077;&#1090;&#1089;&#1103; &#1086;&#1096;&#1080;&#1073;&#1082;&#1072; &#1044;&#1072;&#1090;&#1072; &#1088;&#1086;&#1078;&#1076;&#1077;&#1085;&#1080;&#1103; &#1085;&#1077; &#1084;&#1086;&#1078;&#1077;&#1090; &#1073;&#1099;&#1090;&#1100; &#1073;&#1086;&#1083;&#1100;&#1096;&#1077; &#1074;&#1095;&#1077;&#1088;&#1072;&#1096;&#1085;&#1077;&#1081;</span><span class="step-duration">000ms</span></div>
      
            <div></div>
      <div></div>
        
    <br>
      <div class="feature-tags"></div>
    
    <div class="failed"><span class="element-keyword">Scenario: </span><span class="element-name">&#1044;&#1072;&#1090;&#1072; &#1088;&#1086;&#1078;&#1076;&#1077;&#1085;&#1080;&#1103; &#1076;&#1086;&#1083;&#1078;&#1085;&#1072; &#1073;&#1099;&#1090;&#1100; &#1084;&#1077;&#1085;&#1100;&#1096;&#1077; &#1044;&#1072;&#1090;&#1099; &#1074;&#1099;&#1076;&#1072;&#1095;&#1080; &#1044;&#1059;&#1051;</span></div>
          <div class="passed"><span class="step-keyword">Given  </span><span class="step-name">an open browser with https://anketa.alfabank.ru/alfaform_dc/step1?packetId=K01&amp;platformId=alfasite</span><span class="step-duration">03s 543ms</span></div>
      
            <div></div>
      <div></div>
          <div class="failed"><span class="step-keyword">When  </span><span class="step-name">I type 31.12.2016 to &#1044;&#1072;&#1090;&#1072; &#1074;&#1099;&#1076;&#1072;&#1095;&#1080; &#1044;&#1059;&#1051;</span><span class="step-duration">04s 398ms</span><div class="output_message"><input class="output_collapse" id="output_2045706119" type="checkbox"><label for="output_2045706119">Element not found {by text: Дата выдачи ДУЛ}</label><div>Expected: exist<br/>Screenshot: file:/C:/Users/anast/git/newmavselcuc/newmavselcuc/build/reports/tests/1492508581939.8.png<br/>Timeout: 4 s.<br/>Caused by: NoSuchElementException: no such element: Unable to locate element: {"method":"xpath","selector":".//*/text()[normalize-space(.) = "Дата выдачи ДУЛ"]/parent::*"}<br/>	at com.codeborne.selenide.impl.WebElementSource.createElementNotFoundError(WebElementSource.java:31)<br/>	at com.codeborne.selenide.impl.ElementFinder.createElementNotFoundError(ElementFinder.java:82)<br/>	at com.codeborne.selenide.impl.SelenideElementProxy.dispatchAndRetry(SelenideElementProxy.java:115)<br/>	at com.codeborne.selenide.impl.SelenideElementProxy.invoke(SelenideElementProxy.java:62)<br/>	at com.sun.proxy.$Proxy13.getAttribute(Unknown Source)<br/>	at cucumberJava.openRegForm.i_type_to(openRegForm.java:105)<br/>	at ✽.When I type 31.12.2016 to Дата выдачи ДУЛ(mainInfoPage.feature:132)<br/>Caused by: org.openqa.selenium.NoSuchElementException: no such element: Unable to locate element: {"method":"xpath","selector":".//*/text()[normalize-space(.) = "Дата выдачи ДУЛ"]/parent::*"}<br/>  (Session info: chrome=57.0.2987.133)<br/>  (Driver info: chromedriver=2.28.455520 (cc17746adff54984afff480136733114c6b3704b),platform=Windows NT 10.0.14393 x86_64) (WARNING: The server did not provide any stacktrace information)<br/>Command duration or timeout: 44 milliseconds<br/>For documentation on this error, please visit: http://seleniumhq.org/exceptions/no_such_element.html<br/>Build info: version: '3.0.1', revision: '1969d75', time: '2016-10-18 09:49:13 -0700'<br/>System info: host: 'LAPTOP-6S2SOLQ2', ip: '172.23.88.58', os.name: 'Windows 10', os.arch: 'amd64', os.version: '10.0', java.version: '1.8.0_121'<br/>Driver info: org.openqa.selenium.chrome.ChromeDriver<br/>Capabilities [{applicationCacheEnabled=false, rotatable=false, mobileEmulationEnabled=false, networkConnectionEnabled=false, chrome={chromedriverVersion=2.28.455520 (cc17746adff54984afff480136733114c6b3704b), userDataDir=C:\Users\anast\AppData\Local\Temp\scoped_dir13872_8849}, takesHeapSnapshot=true, pageLoadStrategy=normal, databaseEnabled=false, handlesAlerts=true, hasTouchScreen=false, version=57.0.2987.133, platform=XP, browserConnectionEnabled=false, nativeEvents=true, acceptSslCerts=true, locationContextEnabled=true, webStorageEnabled=true, browserName=chrome, takesScreenshot=true, javascriptEnabled=true, cssSelectorsEnabled=true, unexpectedAlertBehaviour=}]<br/>Session ID: 2b00eacc1ca8c603e77fbb13bc9e1802<br/>*** Element info: {Using=xpath, value=.//*/text()[normalize-space(.) = "Дата выдачи ДУЛ"]/parent::*}<br/>	at sun.reflect.GeneratedConstructorAccessor8.newInstance(Unknown Source)<br/>	at sun.reflect.DelegatingConstructorAccessorImpl.newInstance(DelegatingConstructorAccessorImpl.java:45)<br/>	at java.lang.reflect.Constructor.newInstance(Constructor.java:423)<br/>	at org.openqa.selenium.remote.ErrorHandler.createThrowable(ErrorHandler.java:216)<br/>	at org.openqa.selenium.remote.ErrorHandler.throwIfResponseFailed(ErrorHandler.java:168)<br/>	at org.openqa.selenium.remote.RemoteWebDriver.execute(RemoteWebDriver.java:635)<br/>	at org.openqa.selenium.remote.RemoteWebDriver.findElement(RemoteWebDriver.java:368)<br/>	at org.openqa.selenium.remote.RemoteWebDriver.findElementByXPath(RemoteWebDriver.java:473)<br/>	at org.openqa.selenium.By$ByXPath.findElement(By.java:361)<br/>	at org.openqa.selenium.remote.RemoteWebDriver.findElement(RemoteWebDriver.java:360)<br/>	at com.codeborne.selenide.impl.WebElementSelector.findElement(WebElementSelector.java:28)<br/>	at com.codeborne.selenide.impl.ElementFinder.getWebElement(ElementFinder.java:56)<br/>	at com.codeborne.selenide.impl.SelenideElementProxy.dispatchAndRetry(SelenideElementProxy.java:89)<br/>	at com.codeborne.selenide.impl.SelenideElementProxy.invoke(SelenideElementProxy.java:62)<br/>	at com.sun.proxy.$Proxy13.getAttribute(Unknown Source)<br/>	at cucumberJava.openRegForm.i_type_to(openRegForm.java:105)<br/>	at sun.reflect.NativeMethodAccessorImpl.invoke0(Native Method)<br/>	at sun.reflect.NativeMethodAccessorImpl.invoke(NativeMethodAccessorImpl.java:62)<br/>	at sun.reflect.DelegatingMethodAccessorImpl.invoke(DelegatingMethodAccessorImpl.java:43)<br/>	at java.lang.reflect.Method.invoke(Method.java:498)<br/>	at cucumber.runtime.Utils$1.call(Utils.java:40)<br/>	at cucumber.runtime.Timeout.timeout(Timeout.java:16)<br/>	at cucumber.runtime.Utils.invoke(Utils.java:34)<br/>	at cucumber.runtime.java.JavaStepDefinition.execute(JavaStepDefinition.java:38)<br/>	at cucumber.runtime.StepDefinitionMatch.runStep(StepDefinitionMatch.java:37)<br/>	at cucumber.runtime.Runtime.runStep(Runtime.java:300)<br/>	at cucumber.runtime.model.StepContainer.runStep(StepContainer.java:44)<br/>	at cucumber.runtime.model.StepContainer.runSteps(StepContainer.java:39)<br/>	at cucumber.runtime.model.CucumberScenario.run(CucumberScenario.java:44)<br/>	at cucumber.runtime.junit.ExecutionUnitRunner.run(ExecutionUnitRunner.java:102)<br/>	at cucumber.runtime.junit.FeatureRunner.runChild(FeatureRunner.java:63)<br/>	at cucumber.runtime.junit.FeatureRunner.runChild(FeatureRunner.java:18)<br/>	at org.junit.runners.ParentRunner$3.run(ParentRunner.java:290)<br/>	at org.junit.runners.ParentRunner$1.schedule(ParentRunner.java:71)<br/>	at org.junit.runners.ParentRunner.runChildren(ParentRunner.java:288)<br/>	at org.junit.runners.ParentRunner.access$000(ParentRunner.java:58)<br/>	at org.junit.runners.ParentRunner$2.evaluate(ParentRunner.java:268)<br/>	at org.junit.runners.ParentRunner.run(ParentRunner.java:363)<br/>	at cucumber.runtime.junit.FeatureRunner.run(FeatureRunner.java:70)<br/>	at cucumber.api.junit.Cucumber.runChild(Cucumber.java:95)<br/>	at cucumber.api.junit.Cucumber.runChild(Cucumber.java:38)<br/>	at org.junit.runners.ParentRunner$3.run(ParentRunner.java:290)<br/>	at org.junit.runners.ParentRunner$1.schedule(ParentRunner.java:71)<br/>	at org.junit.runners.ParentRunner.runChildren(ParentRunner.java:288)<br/>	at org.junit.runners.ParentRunner.access$000(ParentRunner.java:58)<br/>	at org.junit.runners.ParentRunner$2.evaluate(ParentRunner.java:268)<br/>	at org.junit.runners.ParentRunner.run(ParentRunner.java:363)<br/>	at cucumber.api.junit.Cucumber.run(Cucumber.java:100)<br/>	at org.apache.maven.surefire.junit4.JUnit4Provider.execute(JUnit4Provider.java:367)<br/>	at org.apache.maven.surefire.junit4.JUnit4Provider.executeWithRerun(JUnit4Provider.java:274)<br/>	at org.apache.maven.surefire.junit4.JUnit4Provider.executeTestSet(JUnit4Provider.java:238)<br/>	at org.apache.maven.surefire.junit4.JUnit4Provider.invoke(JUnit4Provider.java:161)<br/>	at org.apache.maven.surefire.booter.ForkedBooter.invokeProviderInSameClassLoader(ForkedBooter.java:290)<br/>	at org.apache.maven.surefire.booter.ForkedBooter.runSuitesInProcess(ForkedBooter.java:242)<br/>	at org.apache.maven.surefire.booter.ForkedBooter.main(ForkedBooter.java:121)<br/></div></div></div>
      
            <div></div>
      <div></div>
          <div class="skipped"><span class="step-keyword">And  </span><span class="step-name">I type 31.12.2016 to &#1044;&#1072;&#1090;&#1072; &#1088;&#1086;&#1078;&#1076;&#1077;&#1085;&#1080;&#1103;</span><span class="step-duration">000ms</span></div>
      
            <div></div>
      <div></div>
          <div class="skipped"><span class="step-keyword">And  </span><span class="step-name">click &#1057;&#1086;&#1093;&#1088;&#1072;&#1085;&#1080;&#1090;&#1100;</span><span class="step-duration">000ms</span></div>
      
            <div></div>
      <div></div>
          <div class="undefined"><span class="step-keyword">Then  </span><span class="step-name">&#1055;&#1086;&#1103;&#1074;&#1083;&#1103;&#1077;&#1090;&#1089;&#1103; &#1086;&#1096;&#1080;&#1073;&#1082;&#1072; &#1044;&#1072;&#1090;&#1072; &#1088;&#1086;&#1078;&#1076;&#1077;&#1085;&#1080;&#1103; &#1085;&#1077; &#1084;&#1086;&#1078;&#1077;&#1090; &#1073;&#1086;&#1083;&#1100;&#1096;&#1077; &#1076;&#1072;&#1090;&#1099; &#1074;&#1099;&#1076;&#1072;&#1095;&#1080; &#1044;&#1059;&#1051;</span><span class="step-duration">000ms</span></div>
      
            <div></div>
      <div></div>
        
    <br>
      <div class="feature-tags"></div>
    
    <div class="failed"><span class="element-keyword">Scenario: </span><span class="element-name">&#1044;&#1072;&#1090;&#1072; &#1088;&#1086;&#1078;&#1076;&#1077;&#1085;&#1080;&#1103; &#1076;&#1086;&#1083;&#1078;&#1085;&#1072; &#1073;&#1099;&#1090;&#1100; &#1084;&#1077;&#1085;&#1100;&#1096;&#1077; &#1044;&#1072;&#1090;&#1099; &#1074;&#1099;&#1076;&#1072;&#1095;&#1080; &#1044;&#1059;&#1051;</span></div>
          <div class="passed"><span class="step-keyword">Given  </span><span class="step-name">an open browser with https://anketa.alfabank.ru/alfaform_dc/step1?packetId=K01&amp;platformId=alfasite</span><span class="step-duration">01s 910ms</span></div>
      
            <div></div>
      <div></div>
          <div class="failed"><span class="step-keyword">When  </span><span class="step-name">I type 31.12.2015 to &#1044;&#1072;&#1090;&#1072; &#1074;&#1099;&#1076;&#1072;&#1095;&#1080; &#1044;&#1059;&#1051;</span><span class="step-duration">04s 655ms</span><div class="output_message"><input class="output_collapse" id="output_1800389329" type="checkbox"><label for="output_1800389329">Element not found {by text: Дата выдачи ДУЛ}</label><div>Expected: exist<br/>Screenshot: file:/C:/Users/anast/git/newmavselcuc/newmavselcuc/build/reports/tests/1492508588278.9.png<br/>Timeout: 4 s.<br/>Caused by: NoSuchElementException: no such element: Unable to locate element: {"method":"xpath","selector":".//*/text()[normalize-space(.) = "Дата выдачи ДУЛ"]/parent::*"}<br/>	at com.codeborne.selenide.impl.WebElementSource.createElementNotFoundError(WebElementSource.java:31)<br/>	at com.codeborne.selenide.impl.ElementFinder.createElementNotFoundError(ElementFinder.java:82)<br/>	at com.codeborne.selenide.impl.SelenideElementProxy.dispatchAndRetry(SelenideElementProxy.java:115)<br/>	at com.codeborne.selenide.impl.SelenideElementProxy.invoke(SelenideElementProxy.java:62)<br/>	at com.sun.proxy.$Proxy13.getAttribute(Unknown Source)<br/>	at cucumberJava.openRegForm.i_type_to(openRegForm.java:105)<br/>	at ✽.When I type 31.12.2015 to Дата выдачи ДУЛ(mainInfoPage.feature:139)<br/>Caused by: org.openqa.selenium.NoSuchElementException: no such element: Unable to locate element: {"method":"xpath","selector":".//*/text()[normalize-space(.) = "Дата выдачи ДУЛ"]/parent::*"}<br/>  (Session info: chrome=57.0.2987.133)<br/>  (Driver info: chromedriver=2.28.455520 (cc17746adff54984afff480136733114c6b3704b),platform=Windows NT 10.0.14393 x86_64) (WARNING: The server did not provide any stacktrace information)<br/>Command duration or timeout: 48 milliseconds<br/>For documentation on this error, please visit: http://seleniumhq.org/exceptions/no_such_element.html<br/>Build info: version: '3.0.1', revision: '1969d75', time: '2016-10-18 09:49:13 -0700'<br/>System info: host: 'LAPTOP-6S2SOLQ2', ip: '172.23.88.58', os.name: 'Windows 10', os.arch: 'amd64', os.version: '10.0', java.version: '1.8.0_121'<br/>Driver info: org.openqa.selenium.chrome.ChromeDriver<br/>Capabilities [{applicationCacheEnabled=false, rotatable=false, mobileEmulationEnabled=false, networkConnectionEnabled=false, chrome={chromedriverVersion=2.28.455520 (cc17746adff54984afff480136733114c6b3704b), userDataDir=C:\Users\anast\AppData\Local\Temp\scoped_dir13872_8849}, takesHeapSnapshot=true, pageLoadStrategy=normal, databaseEnabled=false, handlesAlerts=true, hasTouchScreen=false, version=57.0.2987.133, platform=XP, browserConnectionEnabled=false, nativeEvents=true, acceptSslCerts=true, locationContextEnabled=true, webStorageEnabled=true, browserName=chrome, takesScreenshot=true, javascriptEnabled=true, cssSelectorsEnabled=true, unexpectedAlertBehaviour=}]<br/>Session ID: 2b00eacc1ca8c603e77fbb13bc9e1802<br/>*** Element info: {Using=xpath, value=.//*/text()[normalize-space(.) = "Дата выдачи ДУЛ"]/parent::*}<br/>	at sun.reflect.GeneratedConstructorAccessor8.newInstance(Unknown Source)<br/>	at sun.reflect.DelegatingConstructorAccessorImpl.newInstance(DelegatingConstructorAccessorImpl.java:45)<br/>	at java.lang.reflect.Constructor.newInstance(Constructor.java:423)<br/>	at org.openqa.selenium.remote.ErrorHandler.createThrowable(ErrorHandler.java:216)<br/>	at org.openqa.selenium.remote.ErrorHandler.throwIfResponseFailed(ErrorHandler.java:168)<br/>	at org.openqa.selenium.remote.RemoteWebDriver.execute(RemoteWebDriver.java:635)<br/>	at org.openqa.selenium.remote.RemoteWebDriver.findElement(RemoteWebDriver.java:368)<br/>	at org.openqa.selenium.remote.RemoteWebDriver.findElementByXPath(RemoteWebDriver.java:473)<br/>	at org.openqa.selenium.By$ByXPath.findElement(By.java:361)<br/>	at org.openqa.selenium.remote.RemoteWebDriver.findElement(RemoteWebDriver.java:360)<br/>	at com.codeborne.selenide.impl.WebElementSelector.findElement(WebElementSelector.java:28)<br/>	at com.codeborne.selenide.impl.ElementFinder.getWebElement(ElementFinder.java:56)<br/>	at com.codeborne.selenide.impl.SelenideElementProxy.dispatchAndRetry(SelenideElementProxy.java:89)<br/>	at com.codeborne.selenide.impl.SelenideElementProxy.invoke(SelenideElementProxy.java:62)<br/>	at com.sun.proxy.$Proxy13.getAttribute(Unknown Source)<br/>	at cucumberJava.openRegForm.i_type_to(openRegForm.java:105)<br/>	at sun.reflect.NativeMethodAccessorImpl.invoke0(Native Method)<br/>	at sun.reflect.NativeMethodAccessorImpl.invoke(NativeMethodAccessorImpl.java:62)<br/>	at sun.reflect.DelegatingMethodAccessorImpl.invoke(DelegatingMethodAccessorImpl.java:43)<br/>	at java.lang.reflect.Method.invoke(Method.java:498)<br/>	at cucumber.runtime.Utils$1.call(Utils.java:40)<br/>	at cucumber.runtime.Timeout.timeout(Timeout.java:16)<br/>	at cucumber.runtime.Utils.invoke(Utils.java:34)<br/>	at cucumber.runtime.java.JavaStepDefinition.execute(JavaStepDefinition.java:38)<br/>	at cucumber.runtime.StepDefinitionMatch.runStep(StepDefinitionMatch.java:37)<br/>	at cucumber.runtime.Runtime.runStep(Runtime.java:300)<br/>	at cucumber.runtime.model.StepContainer.runStep(StepContainer.java:44)<br/>	at cucumber.runtime.model.StepContainer.runSteps(StepContainer.java:39)<br/>	at cucumber.runtime.model.CucumberScenario.run(CucumberScenario.java:44)<br/>	at cucumber.runtime.junit.ExecutionUnitRunner.run(ExecutionUnitRunner.java:102)<br/>	at cucumber.runtime.junit.FeatureRunner.runChild(FeatureRunner.java:63)<br/>	at cucumber.runtime.junit.FeatureRunner.runChild(FeatureRunner.java:18)<br/>	at org.junit.runners.ParentRunner$3.run(ParentRunner.java:290)<br/>	at org.junit.runners.ParentRunner$1.schedule(ParentRunner.java:71)<br/>	at org.junit.runners.ParentRunner.runChildren(ParentRunner.java:288)<br/>	at org.junit.runners.ParentRunner.access$000(ParentRunner.java:58)<br/>	at org.junit.runners.ParentRunner$2.evaluate(ParentRunner.java:268)<br/>	at org.junit.runners.ParentRunner.run(ParentRunner.java:363)<br/>	at cucumber.runtime.junit.FeatureRunner.run(FeatureRunner.java:70)<br/>	at cucumber.api.junit.Cucumber.runChild(Cucumber.java:95)<br/>	at cucumber.api.junit.Cucumber.runChild(Cucumber.java:38)<br/>	at org.junit.runners.ParentRunner$3.run(ParentRunner.java:290)<br/>	at org.junit.runners.ParentRunner$1.schedule(ParentRunner.java:71)<br/>	at org.junit.runners.ParentRunner.runChildren(ParentRunner.java:288)<br/>	at org.junit.runners.ParentRunner.access$000(ParentRunner.java:58)<br/>	at org.junit.runners.ParentRunner$2.evaluate(ParentRunner.java:268)<br/>	at org.junit.runners.ParentRunner.run(ParentRunner.java:363)<br/>	at cucumber.api.junit.Cucumber.run(Cucumber.java:100)<br/>	at org.apache.maven.surefire.junit4.JUnit4Provider.execute(JUnit4Provider.java:367)<br/>	at org.apache.maven.surefire.junit4.JUnit4Provider.executeWithRerun(JUnit4Provider.java:274)<br/>	at org.apache.maven.surefire.junit4.JUnit4Provider.executeTestSet(JUnit4Provider.java:238)<br/>	at org.apache.maven.surefire.junit4.JUnit4Provider.invoke(JUnit4Provider.java:161)<br/>	at org.apache.maven.surefire.booter.ForkedBooter.invokeProviderInSameClassLoader(ForkedBooter.java:290)<br/>	at org.apache.maven.surefire.booter.ForkedBooter.runSuitesInProcess(ForkedBooter.java:242)<br/>	at org.apache.maven.surefire.booter.ForkedBooter.main(ForkedBooter.java:121)<br/></div></div></div>
      
            <div></div>
      <div></div>
          <div class="skipped"><span class="step-keyword">And  </span><span class="step-name">I type 31.12.2016 to &#1044;&#1072;&#1090;&#1072; &#1088;&#1086;&#1078;&#1076;&#1077;&#1085;&#1080;&#1103;</span><span class="step-duration">000ms</span></div>
      
            <div></div>
      <div></div>
          <div class="skipped"><span class="step-keyword">And  </span><span class="step-name">click &#1057;&#1086;&#1093;&#1088;&#1072;&#1085;&#1080;&#1090;&#1100;</span><span class="step-duration">000ms</span></div>
      
            <div></div>
      <div></div>
          <div class="undefined"><span class="step-keyword">Then  </span><span class="step-name">&#1055;&#1086;&#1103;&#1074;&#1083;&#1103;&#1077;&#1090;&#1089;&#1103; &#1086;&#1096;&#1080;&#1073;&#1082;&#1072; &#1044;&#1072;&#1090;&#1072; &#1088;&#1086;&#1078;&#1076;&#1077;&#1085;&#1080;&#1103; &#1085;&#1077; &#1084;&#1086;&#1078;&#1077;&#1090; &#1073;&#1086;&#1083;&#1100;&#1096;&#1077; &#1076;&#1072;&#1090;&#1099; &#1074;&#1099;&#1076;&#1072;&#1095;&#1080; &#1044;&#1059;&#1051;</span><span class="step-duration">000ms</span></div>
      
            <div></div>
      <div></div>
        
    <br>
      <div class="feature-tags"></div>
    
    <div class="failed"><span class="element-keyword">Scenario: </span><span class="element-name">&#1055;&#1086;&#1083; is displayed</span></div>
          <div class="passed"><span class="step-keyword">Given  </span><span class="step-name">an open browser with https://anketa.alfabank.ru/alfaform_dc/step1?packetId=K01&amp;platformId=alfasite</span><span class="step-duration">02s 695ms</span></div>
      
            <div></div>
      <div></div>
          <div class="failed"><span class="step-keyword">Then  </span><span class="step-name">&#1055;&#1086;&#1083;&#1077; &#1055;&#1086;&#1083; exists</span><span class="step-duration">04s 469ms</span><div class="output_message"><input class="output_collapse" id="output_146605930" type="checkbox"><label for="output_146605930">Element not found {by text: Пол}</label><div>Expected: exist<br/>Screenshot: file:/C:/Users/anast/git/newmavselcuc/newmavselcuc/build/reports/tests/1492508595626.10.png<br/>Timeout: 4 s.<br/>Caused by: NoSuchElementException: no such element: Unable to locate element: {"method":"xpath","selector":".//*/text()[normalize-space(.) = "Пол"]/parent::*"}<br/>	at com.codeborne.selenide.impl.WebElementSource.createElementNotFoundError(WebElementSource.java:31)<br/>	at com.codeborne.selenide.impl.ElementFinder.createElementNotFoundError(ElementFinder.java:82)<br/>	at com.codeborne.selenide.impl.SelenideElementProxy.dispatchAndRetry(SelenideElementProxy.java:115)<br/>	at com.codeborne.selenide.impl.SelenideElementProxy.invoke(SelenideElementProxy.java:62)<br/>	at com.sun.proxy.$Proxy13.getAttribute(Unknown Source)<br/>	at cucumberJava.openRegForm.pole_exists(openRegForm.java:53)<br/>	at ✽.Then Поле Пол exists(mainInfoPage.feature:147)<br/>Caused by: org.openqa.selenium.NoSuchElementException: no such element: Unable to locate element: {"method":"xpath","selector":".//*/text()[normalize-space(.) = "Пол"]/parent::*"}<br/>  (Session info: chrome=57.0.2987.133)<br/>  (Driver info: chromedriver=2.28.455520 (cc17746adff54984afff480136733114c6b3704b),platform=Windows NT 10.0.14393 x86_64) (WARNING: The server did not provide any stacktrace information)<br/>Command duration or timeout: 44 milliseconds<br/>For documentation on this error, please visit: http://seleniumhq.org/exceptions/no_such_element.html<br/>Build info: version: '3.0.1', revision: '1969d75', time: '2016-10-18 09:49:13 -0700'<br/>System info: host: 'LAPTOP-6S2SOLQ2', ip: '172.23.88.58', os.name: 'Windows 10', os.arch: 'amd64', os.version: '10.0', java.version: '1.8.0_121'<br/>Driver info: org.openqa.selenium.chrome.ChromeDriver<br/>Capabilities [{applicationCacheEnabled=false, rotatable=false, mobileEmulationEnabled=false, networkConnectionEnabled=false, chrome={chromedriverVersion=2.28.455520 (cc17746adff54984afff480136733114c6b3704b), userDataDir=C:\Users\anast\AppData\Local\Temp\scoped_dir13872_8849}, takesHeapSnapshot=true, pageLoadStrategy=normal, databaseEnabled=false, handlesAlerts=true, hasTouchScreen=false, version=57.0.2987.133, platform=XP, browserConnectionEnabled=false, nativeEvents=true, acceptSslCerts=true, locationContextEnabled=true, webStorageEnabled=true, browserName=chrome, takesScreenshot=true, javascriptEnabled=true, cssSelectorsEnabled=true, unexpectedAlertBehaviour=}]<br/>Session ID: 2b00eacc1ca8c603e77fbb13bc9e1802<br/>*** Element info: {Using=xpath, value=.//*/text()[normalize-space(.) = "Пол"]/parent::*}<br/>	at sun.reflect.GeneratedConstructorAccessor8.newInstance(Unknown Source)<br/>	at sun.reflect.DelegatingConstructorAccessorImpl.newInstance(DelegatingConstructorAccessorImpl.java:45)<br/>	at java.lang.reflect.Constructor.newInstance(Constructor.java:423)<br/>	at org.openqa.selenium.remote.ErrorHandler.createThrowable(ErrorHandler.java:216)<br/>	at org.openqa.selenium.remote.ErrorHandler.throwIfResponseFailed(ErrorHandler.java:168)<br/>	at org.openqa.selenium.remote.RemoteWebDriver.execute(RemoteWebDriver.java:635)<br/>	at org.openqa.selenium.remote.RemoteWebDriver.findElement(RemoteWebDriver.java:368)<br/>	at org.openqa.selenium.remote.RemoteWebDriver.findElementByXPath(RemoteWebDriver.java:473)<br/>	at org.openqa.selenium.By$ByXPath.findElement(By.java:361)<br/>	at org.openqa.selenium.remote.RemoteWebDriver.findElement(RemoteWebDriver.java:360)<br/>	at com.codeborne.selenide.impl.WebElementSelector.findElement(WebElementSelector.java:28)<br/>	at com.codeborne.selenide.impl.ElementFinder.getWebElement(ElementFinder.java:56)<br/>	at com.codeborne.selenide.impl.SelenideElementProxy.dispatchAndRetry(SelenideElementProxy.java:89)<br/>	at com.codeborne.selenide.impl.SelenideElementProxy.invoke(SelenideElementProxy.java:62)<br/>	at com.sun.proxy.$Proxy13.getAttribute(Unknown Source)<br/>	at cucumberJava.openRegForm.pole_exists(openRegForm.java:53)<br/>	at sun.reflect.NativeMethodAccessorImpl.invoke0(Native Method)<br/>	at sun.reflect.NativeMethodAccessorImpl.invoke(NativeMethodAccessorImpl.java:62)<br/>	at sun.reflect.DelegatingMethodAccessorImpl.invoke(DelegatingMethodAccessorImpl.java:43)<br/>	at java.lang.reflect.Method.invoke(Method.java:498)<br/>	at cucumber.runtime.Utils$1.call(Utils.java:40)<br/>	at cucumber.runtime.Timeout.timeout(Timeout.java:16)<br/>	at cucumber.runtime.Utils.invoke(Utils.java:34)<br/>	at cucumber.runtime.java.JavaStepDefinition.execute(JavaStepDefinition.java:38)<br/>	at cucumber.runtime.StepDefinitionMatch.runStep(StepDefinitionMatch.java:37)<br/>	at cucumber.runtime.Runtime.runStep(Runtime.java:300)<br/>	at cucumber.runtime.model.StepContainer.runStep(StepContainer.java:44)<br/>	at cucumber.runtime.model.StepContainer.runSteps(StepContainer.java:39)<br/>	at cucumber.runtime.model.CucumberScenario.run(CucumberScenario.java:44)<br/>	at cucumber.runtime.junit.ExecutionUnitRunner.run(ExecutionUnitRunner.java:102)<br/>	at cucumber.runtime.junit.FeatureRunner.runChild(FeatureRunner.java:63)<br/>	at cucumber.runtime.junit.FeatureRunner.runChild(FeatureRunner.java:18)<br/>	at org.junit.runners.ParentRunner$3.run(ParentRunner.java:290)<br/>	at org.junit.runners.ParentRunner$1.schedule(ParentRunner.java:71)<br/>	at org.junit.runners.ParentRunner.runChildren(ParentRunner.java:288)<br/>	at org.junit.runners.ParentRunner.access$000(ParentRunner.java:58)<br/>	at org.junit.runners.ParentRunner$2.evaluate(ParentRunner.java:268)<br/>	at org.junit.runners.ParentRunner.run(ParentRunner.java:363)<br/>	at cucumber.runtime.junit.FeatureRunner.run(FeatureRunner.java:70)<br/>	at cucumber.api.junit.Cucumber.runChild(Cucumber.java:95)<br/>	at cucumber.api.junit.Cucumber.runChild(Cucumber.java:38)<br/>	at org.junit.runners.ParentRunner$3.run(ParentRunner.java:290)<br/>	at org.junit.runners.ParentRunner$1.schedule(ParentRunner.java:71)<br/>	at org.junit.runners.ParentRunner.runChildren(ParentRunner.java:288)<br/>	at org.junit.runners.ParentRunner.access$000(ParentRunner.java:58)<br/>	at org.junit.runners.ParentRunner$2.evaluate(ParentRunner.java:268)<br/>	at org.junit.runners.ParentRunner.run(ParentRunner.java:363)<br/>	at cucumber.api.junit.Cucumber.run(Cucumber.java:100)<br/>	at org.apache.maven.surefire.junit4.JUnit4Provider.execute(JUnit4Provider.java:367)<br/>	at org.apache.maven.surefire.junit4.JUnit4Provider.executeWithRerun(JUnit4Provider.java:274)<br/>	at org.apache.maven.surefire.junit4.JUnit4Provider.executeTestSet(JUnit4Provider.java:238)<br/>	at org.apache.maven.surefire.junit4.JUnit4Provider.invoke(JUnit4Provider.java:161)<br/>	at org.apache.maven.surefire.booter.ForkedBooter.invokeProviderInSameClassLoader(ForkedBooter.java:290)<br/>	at org.apache.maven.surefire.booter.ForkedBooter.runSuitesInProcess(ForkedBooter.java:242)<br/>	at org.apache.maven.surefire.booter.ForkedBooter.main(ForkedBooter.java:121)<br/></div></div></div>
      
            <div></div>
      <div></div>
          <div class="skipped"><span class="step-keyword">And  </span><span class="step-name">&#1055;&#1086;&#1083;&#1077; &#1055;&#1086;&#1083; &#1088;&#1077;&#1076;&#1072;&#1082;&#1090;&#1080;&#1088;&#1091;&#1077;&#1084;&#1086;&#1077;</span><span class="step-duration">000ms</span></div>
      
            <div></div>
      <div></div>
          <div class="skipped"><span class="step-keyword">And  </span><span class="step-name">&#1055;&#1086;&#1083;&#1077; &#1055;&#1086;&#1083; &#1080;&#1084;&#1077;&#1077;&#1090; &#1090;&#1080;&#1087; &#1055;&#1077;&#1088;&#1077;&#1082;&#1083;&#1102;&#1095;&#1072;&#1090;&#1077;&#1083;&#1100;</span><span class="step-duration">000ms</span></div>
      
            <div></div>
      <div></div>
          <div class="skipped"><span class="step-keyword">And  </span><span class="step-name">&#1055;&#1086;&#1083;&#1077; &#1055;&#1086;&#1083; &#1089;&#1086;&#1076;&#1077;&#1088;&#1078;&#1080;&#1090; &#1079;&#1085;&#1072;&#1095;&#1077;&#1085;&#1080;&#1103; &#1052;&#1091;&#1078;&#1089;&#1082;&#1086;&#1081;, &#1046;&#1077;&#1085;&#1089;&#1082;&#1080;&#1081;</span><span class="step-duration">000ms</span></div>
      
            <div></div>
      <div></div>
        
    <br>
      <div class="feature-tags"></div>
    
    <div class="passed"><span class="element-keyword">Scenario: </span><span class="element-name">&#1052;&#1077;&#1089;&#1090;&#1086; &#1088;&#1086;&#1078;&#1076;&#1077;&#1085;&#1080;&#1103; is displayed</span></div>
          <div class="passed"><span class="step-keyword">Given  </span><span class="step-name">an open browser with https://anketa.alfabank.ru/alfaform_dc/step1?packetId=K01&amp;platformId=alfasite</span><span class="step-duration">02s 237ms</span></div>
      
            <div></div>
      <div></div>
          <div class="passed"><span class="step-keyword">Then  </span><span class="step-name">&#1055;&#1086;&#1083;&#1077; &#1052;&#1077;&#1089;&#1090;&#1086; &#1088;&#1086;&#1078;&#1076;&#1077;&#1085;&#1080;&#1103; exists</span><span class="step-duration">223ms</span></div>
      
            <div></div>
      <div></div>
          <div class="passed"><span class="step-keyword">And  </span><span class="step-name">&#1055;&#1086;&#1083;&#1077; &#1052;&#1077;&#1089;&#1090;&#1086; &#1088;&#1086;&#1078;&#1076;&#1077;&#1085;&#1080;&#1103; &#1088;&#1077;&#1076;&#1072;&#1082;&#1090;&#1080;&#1088;&#1091;&#1077;&#1084;&#1086;&#1077;</span><span class="step-duration">131ms</span></div>
      
            <div></div>
      <div></div>
          <div class="passed"><span class="step-keyword">And  </span><span class="step-name">&#1055;&#1086;&#1083;&#1077; &#1052;&#1077;&#1089;&#1090;&#1086; &#1088;&#1086;&#1078;&#1076;&#1077;&#1085;&#1080;&#1103; &#1080;&#1084;&#1077;&#1077;&#1090; &#1090;&#1080;&#1087; &#1058;&#1077;&#1082;&#1089;&#1090;&#1086;&#1074;&#1086;&#1077; &#1087;&#1086;&#1083;&#1077; &#1089; &#1087;&#1086;&#1076;&#1089;&#1082;&#1072;&#1079;&#1082;&#1086;&#1081;</span><span class="step-duration">043ms</span></div>
      
            <div></div>
      <div></div>
          <div class="passed"><span class="step-keyword">And  </span><span class="step-name">&#1055;&#1086;&#1083;&#1077; &#1052;&#1077;&#1089;&#1090;&#1086; &#1088;&#1086;&#1078;&#1076;&#1077;&#1085;&#1080;&#1103; &#1080;&#1084;&#1077;&#1077;&#1090; &#1079;&#1085;&#1072;&#1095;&#1077;&#1085;&#1080;&#1077; &#1087;&#1091;&#1089;&#1090;&#1086;&#1077;</span><span class="step-duration">039ms</span></div>
      
            <div></div>
      <div></div>
          <div class="passed"><span class="step-keyword">And  </span><span class="step-name">&#1055;&#1086;&#1083;&#1077; &#1052;&#1077;&#1089;&#1090;&#1086; &#1088;&#1086;&#1078;&#1076;&#1077;&#1085;&#1080;&#1103; &#1080;&#1084;&#1077;&#1077;&#1090; &#1076;&#1083;&#1080;&#1085;&#1091; 35 &#1089;&#1080;&#1084;&#1074;&#1086;&#1083;&#1086;&#1074;</span><span class="step-duration">040ms</span></div>
      
            <div></div>
      <div></div>
        
    <br>
  </div>

<nav class="navbar navbar-default" id="footer">
  <div class="container-fluid">
    <p class="navbar-text navbar-right">
      <a class="navbar-link" href="https://github.com/jenkinsci/cucumber-reports-plugin">Jenkins Plugin</a> |
      <a class="navbar-link" href="https://github.com/damianszczepanik/cucumber-reporting">Cucumber-JVM Reports</a>
    </p>
  </div>
</nav>

</body>
</html>
