<!DOCTYPE html>
<html>
<head>
<title>Cucumber-JVM Html Reports - Tag: @test1</title>

<meta http-equiv="Content-Type" content="text/html; charset=UTF-8" />
<script type="text/javascript" src="jquery.min.js"></script>
<script type="text/javascript" src="jquery.tablesorter.min.js"></script>
<script type="text/javascript" src="bootstrap.min.js"></script>

<script type="text/javascript" src="highcharts.js"></script>
<script type="text/javascript" src="highcharts-3d.js"></script>

<link rel="stylesheet" href="bootstrap.min.css" type="text/css"/>

<link rel="stylesheet" href="reporting.css" type="text/css"/>

<script type="text/javascript">
$(document).ready(function() {
    $("#tablesorter").tablesorter();
});
</script>



</head>
<body>

<nav class="navbar navbar-default navbar-fixed-top" id="navigation">
  <div class="container-fluid">
    <div class="collapse navbar-collapse">
      <p class="navbar-text navbar-left">Cucumber-jvm Report</p>
      <ul class="nav navbar-nav navbar-right">
                <li role="presentation" ><a href="feature-overview.html">Features</a></li>
        <li role="presentation" ><a href="tag-overview.html">Tags</a></li>
        <li role="presentation" ><a href="step-overview.html">Steps</a></li>
      </ul>
    </div>
  </div>
</nav>

<div class="container-fluid" id="summary">
  <div class="row">
    <div class="col-md-6">
      <table class="table table-bordered">
        <thead>
          <tr>
            <th>Project</th>
                          <th>Number</th>
                        <th>Date</th>
          </tr>
        </thead>
        <tbody>
          <tr class="info">
            <td>cucumber-selenide-example</td>
                          <td>${${build.number}}</td>
                        <td>17 апр 2017, 12:20</td>
          </tr>
        </tbody>
      </table>
    </div>
  </div>
</div>

<div class="container-fluid" id="title">
  <h2>Tag Report</h2>
  </div>


<div class="container-fluid" id="report-summary">
  <table class="stats-table">
    <thead>
  <tr class="header">
        <th></th>
    <th id="stats-header-scenarios" colspan="3">Scenarios</th>
    <th id="stats-header-steps" colspan="7">Steps</th>
    <th></th>
    <th></th>
  </tr>
  <tr>
    <th id="stats-header-key">Tag</th>
        <th id="stats-header-scenarios-total">Total</th>
    <th id="stats-header-scenarios-passed">Passed</th>
    <th id="stats-header-scenarios-failed">Failed</th>
    <th id="stats-header-steps-total">Total</th>
    <th id="stats-header-steps-passed"    class="passed">Passed</th>
    <th id="stats-header-steps-failed"    class="failed">Failed</th>
    <th id="stats-header-steps-skipped"   class="skipped">Skipped</th>
    <th id="stats-header-steps-pending"   class="pending">Pending</th>
    <th id="stats-header-steps-undefined" class="undefined">Undefined</th>
    <th id="stats-header-steps-missing"   class="missing">Missing</th>
    <th id="stats-header-duration">Duration</th>
    <th id="stats-header-status">Status</th>
  </tr>
</thead>
    <tr>
      <td class="tagname"><a href="test1.html">@test1</a></td>
      <td>6</td>
      <td>0</td>
      <td>6</td>
      <td>18</td>
      <td>0</td>
      <td   class="failed"    >6</td>
      <td >0</td>
      <td    class="pending"   >12</td>
      <td  class="undefined" >12</td>
      <td >0</td>
      <td class="duration-format">42s 531ms</td>
      <td class="failed">Failed</td>
    </tr>
  </table>
</div>

<div class="container-fluid" id="report-details">
      <a href="mainInfoPage-feature.html">View Feature File</a>
    <div class="feature-tags"><a href="test1.html">@test1</a>, <a href="inDevelopment.html">@inDevelopment</a></div>
    
    <div class="failed"><span class="element-keyword">Scenario Outline: </span><span class="element-name">&#1060;&#1048;&#1054; &#1076;&#1083;&#1103; &#1101;&#1084;&#1073;&#1086;&#1089;&#1089;&#1080;&#1088;&#1086;&#1074;&#1072;&#1085;&#1080;&#1103; field does not accept anything except english capital letters, space, dot, slash/ and dash</span></div>
          <div class="failed"><span class="step-keyword">Given  </span><span class="step-name">an open browser with https://anketa.alfabank.ru/alfaform-cc/endpoint?platformId=alfasite&amp;cur=rub&amp;card=master_card_mass</span><span class="step-duration">20s 747ms</span><div class="output_message"><input class="output_collapse" id="output_1088649990" type="checkbox"><label for="output_1088649990">Element not found {.welcome-message}</label><div>Expected: text 'Welcome, user!'<br/>Screenshot: file:/C:/Users/anast/workspace/newmavselcuc/build/reports/tests/1492420800838.0.png<br/>Timeout: 4 s.<br/>Caused by: NoSuchElementException: no such element: Unable to locate element: {"method":"css selector","selector":".welcome-message"}<br/>	at com.codeborne.selenide.impl.WebElementSource.createElementNotFoundError(WebElementSource.java:31)<br/>	at com.codeborne.selenide.impl.ElementFinder.createElementNotFoundError(ElementFinder.java:82)<br/>	at com.codeborne.selenide.impl.WebElementSource.checkCondition(WebElementSource.java:59)<br/>	at com.codeborne.selenide.commands.Should.should(Should.java:35)<br/>	at com.codeborne.selenide.commands.Should.execute(Should.java:29)<br/>	at com.codeborne.selenide.commands.Should.execute(Should.java:12)<br/>	at com.codeborne.selenide.commands.Commands.execute(Commands.java:140)<br/>	at com.codeborne.selenide.impl.SelenideElementProxy.dispatchAndRetry(SelenideElementProxy.java:86)<br/>	at com.codeborne.selenide.impl.SelenideElementProxy.invoke(SelenideElementProxy.java:62)<br/>	at com.sun.proxy.$Proxy13.shouldHave(Unknown Source)<br/>	at cucumberJava.openRegForm.an_open_browser_with_site(openRegForm.java:28)<br/>	at ✽.Given an open browser with https://anketa.alfabank.ru/alfaform-cc/endpoint?platformId=alfasite&cur=rub&card=master_card_mass(mainInfoPage.feature:160)<br/>Caused by: org.openqa.selenium.NoSuchElementException: no such element: Unable to locate element: {"method":"css selector","selector":".welcome-message"}<br/>  (Session info: chrome=57.0.2987.133)<br/>  (Driver info: chromedriver=2.28.455520 (cc17746adff54984afff480136733114c6b3704b),platform=Windows NT 10.0.14393 x86_64) (WARNING: The server did not provide any stacktrace information)<br/>Command duration or timeout: 2.13 seconds<br/>For documentation on this error, please visit: http://seleniumhq.org/exceptions/no_such_element.html<br/>Build info: version: '3.0.1', revision: '1969d75', time: '2016-10-18 09:49:13 -0700'<br/>System info: host: 'LAPTOP-6S2SOLQ2', ip: '172.23.95.58', os.name: 'Windows 10', os.arch: 'amd64', os.version: '10.0', java.version: '1.8.0_121'<br/>Driver info: org.openqa.selenium.chrome.ChromeDriver<br/>Capabilities [{applicationCacheEnabled=false, rotatable=false, mobileEmulationEnabled=false, networkConnectionEnabled=false, chrome={chromedriverVersion=2.28.455520 (cc17746adff54984afff480136733114c6b3704b), userDataDir=C:\Users\anast\AppData\Local\Temp\scoped_dir13168_3816}, takesHeapSnapshot=true, pageLoadStrategy=normal, databaseEnabled=false, handlesAlerts=true, hasTouchScreen=false, version=57.0.2987.133, platform=XP, browserConnectionEnabled=false, nativeEvents=true, acceptSslCerts=true, locationContextEnabled=true, webStorageEnabled=true, browserName=chrome, takesScreenshot=true, javascriptEnabled=true, cssSelectorsEnabled=true, unexpectedAlertBehaviour=}]<br/>Session ID: 19700616383afd84e7f5982ccb69153d<br/>*** Element info: {Using=css selector, value=.welcome-message}<br/>	at sun.reflect.NativeConstructorAccessorImpl.newInstance0(Native Method)<br/>	at sun.reflect.NativeConstructorAccessorImpl.newInstance(NativeConstructorAccessorImpl.java:62)<br/>	at sun.reflect.DelegatingConstructorAccessorImpl.newInstance(DelegatingConstructorAccessorImpl.java:45)<br/>	at java.lang.reflect.Constructor.newInstance(Constructor.java:423)<br/>	at org.openqa.selenium.remote.ErrorHandler.createThrowable(ErrorHandler.java:216)<br/>	at org.openqa.selenium.remote.ErrorHandler.throwIfResponseFailed(ErrorHandler.java:168)<br/>	at org.openqa.selenium.remote.RemoteWebDriver.execute(RemoteWebDriver.java:635)<br/>	at org.openqa.selenium.remote.RemoteWebDriver.findElement(RemoteWebDriver.java:368)<br/>	at org.openqa.selenium.remote.RemoteWebDriver.findElementByCssSelector(RemoteWebDriver.java:465)<br/>	at org.openqa.selenium.By$ByCssSelector.findElement(By.java:430)<br/>	at org.openqa.selenium.remote.RemoteWebDriver.findElement(RemoteWebDriver.java:360)<br/>	at com.codeborne.selenide.impl.WebElementSelector.findElement(WebElementSelector.java:28)<br/>	at com.codeborne.selenide.impl.ElementFinder.getWebElement(ElementFinder.java:56)<br/>	at com.codeborne.selenide.impl.WebElementSource.checkCondition(WebElementSource.java:44)<br/>	at com.codeborne.selenide.commands.Should.should(Should.java:35)<br/>	at com.codeborne.selenide.commands.Should.execute(Should.java:29)<br/>	at com.codeborne.selenide.commands.Should.execute(Should.java:12)<br/>	at com.codeborne.selenide.commands.Commands.execute(Commands.java:140)<br/>	at com.codeborne.selenide.impl.SelenideElementProxy.dispatchAndRetry(SelenideElementProxy.java:86)<br/>	at com.codeborne.selenide.impl.SelenideElementProxy.invoke(SelenideElementProxy.java:62)<br/>	at com.sun.proxy.$Proxy13.shouldHave(Unknown Source)<br/>	at cucumberJava.openRegForm.an_open_browser_with_site(openRegForm.java:28)<br/>	at sun.reflect.NativeMethodAccessorImpl.invoke0(Native Method)<br/>	at sun.reflect.NativeMethodAccessorImpl.invoke(NativeMethodAccessorImpl.java:62)<br/>	at sun.reflect.DelegatingMethodAccessorImpl.invoke(DelegatingMethodAccessorImpl.java:43)<br/>	at java.lang.reflect.Method.invoke(Method.java:498)<br/>	at cucumber.runtime.Utils$1.call(Utils.java:40)<br/>	at cucumber.runtime.Timeout.timeout(Timeout.java:16)<br/>	at cucumber.runtime.Utils.invoke(Utils.java:34)<br/>	at cucumber.runtime.java.JavaStepDefinition.execute(JavaStepDefinition.java:38)<br/>	at cucumber.runtime.StepDefinitionMatch.runStep(StepDefinitionMatch.java:37)<br/>	at cucumber.runtime.Runtime.runStep(Runtime.java:300)<br/>	at cucumber.runtime.model.StepContainer.runStep(StepContainer.java:44)<br/>	at cucumber.runtime.model.StepContainer.runSteps(StepContainer.java:39)<br/>	at cucumber.runtime.model.CucumberScenario.run(CucumberScenario.java:44)<br/>	at cucumber.runtime.junit.ExecutionUnitRunner.run(ExecutionUnitRunner.java:102)<br/>	at org.junit.runners.Suite.runChild(Suite.java:128)<br/>	at org.junit.runners.Suite.runChild(Suite.java:27)<br/>	at org.junit.runners.ParentRunner$3.run(ParentRunner.java:290)<br/>	at org.junit.runners.ParentRunner$1.schedule(ParentRunner.java:71)<br/>	at org.junit.runners.ParentRunner.runChildren(ParentRunner.java:288)<br/>	at org.junit.runners.ParentRunner.access$000(ParentRunner.java:58)<br/>	at org.junit.runners.ParentRunner$2.evaluate(ParentRunner.java:268)<br/>	at org.junit.runners.ParentRunner.run(ParentRunner.java:363)<br/>	at cucumber.runtime.junit.ExamplesRunner.run(ExamplesRunner.java:59)<br/>	at org.junit.runners.Suite.runChild(Suite.java:128)<br/>	at org.junit.runners.Suite.runChild(Suite.java:27)<br/>	at org.junit.runners.ParentRunner$3.run(ParentRunner.java:290)<br/>	at org.junit.runners.ParentRunner$1.schedule(ParentRunner.java:71)<br/>	at org.junit.runners.ParentRunner.runChildren(ParentRunner.java:288)<br/>	at org.junit.runners.ParentRunner.access$000(ParentRunner.java:58)<br/>	at org.junit.runners.ParentRunner$2.evaluate(ParentRunner.java:268)<br/>	at org.junit.runners.ParentRunner.run(ParentRunner.java:363)<br/>	at cucumber.runtime.junit.ScenarioOutlineRunner.run(ScenarioOutlineRunner.java:53)<br/>	at cucumber.runtime.junit.FeatureRunner.runChild(FeatureRunner.java:63)<br/>	at cucumber.runtime.junit.FeatureRunner.runChild(FeatureRunner.java:18)<br/>	at org.junit.runners.ParentRunner$3.run(ParentRunner.java:290)<br/>	at org.junit.runners.ParentRunner$1.schedule(ParentRunner.java:71)<br/>	at org.junit.runners.ParentRunner.runChildren(ParentRunner.java:288)<br/>	at org.junit.runners.ParentRunner.access$000(ParentRunner.java:58)<br/>	at org.junit.runners.ParentRunner$2.evaluate(ParentRunner.java:268)<br/>	at org.junit.runners.ParentRunner.run(ParentRunner.java:363)<br/>	at cucumber.runtime.junit.FeatureRunner.run(FeatureRunner.java:70)<br/>	at cucumber.api.junit.Cucumber.runChild(Cucumber.java:95)<br/>	at cucumber.api.junit.Cucumber.runChild(Cucumber.java:38)<br/>	at org.junit.runners.ParentRunner$3.run(ParentRunner.java:290)<br/>	at org.junit.runners.ParentRunner$1.schedule(ParentRunner.java:71)<br/>	at org.junit.runners.ParentRunner.runChildren(ParentRunner.java:288)<br/>	at org.junit.runners.ParentRunner.access$000(ParentRunner.java:58)<br/>	at org.junit.runners.ParentRunner$2.evaluate(ParentRunner.java:268)<br/>	at org.junit.runners.ParentRunner.run(ParentRunner.java:363)<br/>	at cucumber.api.junit.Cucumber.run(Cucumber.java:100)<br/>	at org.apache.maven.surefire.junit4.JUnit4Provider.execute(JUnit4Provider.java:367)<br/>	at org.apache.maven.surefire.junit4.JUnit4Provider.executeWithRerun(JUnit4Provider.java:274)<br/>	at org.apache.maven.surefire.junit4.JUnit4Provider.executeTestSet(JUnit4Provider.java:238)<br/>	at org.apache.maven.surefire.junit4.JUnit4Provider.invoke(JUnit4Provider.java:161)<br/>	at org.apache.maven.surefire.booter.ForkedBooter.invokeProviderInSameClassLoader(ForkedBooter.java:290)<br/>	at org.apache.maven.surefire.booter.ForkedBooter.runSuitesInProcess(ForkedBooter.java:242)<br/>	at org.apache.maven.surefire.booter.ForkedBooter.main(ForkedBooter.java:121)<br/></div></div></div>
      
            <div></div>
      <div></div>
          <div class="undefined"><span class="step-keyword">When  </span><span class="step-name">I type invalid</span><span class="step-duration">000ms</span></div>
      
            <div></div>
      <div></div>
          <div class="undefined"><span class="step-keyword">Then  </span><span class="step-name">&#1055;&#1086;&#1083;&#1077; &#1060;&#1048;&#1054; &#1076;&#1083;&#1103; &#1101;&#1084;&#1073;&#1086;&#1089;&#1089;&#1080;&#1088;&#1086;&#1074;&#1072;&#1085;&#1080;&#1103; &#1080;&#1084;&#1077;&#1077;&#1090; &#1079;&#1085;&#1072;&#1095;&#1077;&#1085;&#1080;&#1077; &#1087;&#1091;&#1089;&#1090;&#1086;&#1077;</span><span class="step-duration">000ms</span></div>
      
            <div></div>
      <div></div>
        
    <br>
      <a href="mainInfoPage-feature.html">View Feature File</a>
    <div class="feature-tags"><a href="test1.html">@test1</a>, <a href="inDevelopment.html">@inDevelopment</a></div>
    
    <div class="failed"><span class="element-keyword">Scenario Outline: </span><span class="element-name">&#1060;&#1048;&#1054; &#1076;&#1083;&#1103; &#1101;&#1084;&#1073;&#1086;&#1089;&#1089;&#1080;&#1088;&#1086;&#1074;&#1072;&#1085;&#1080;&#1103; field does not accept anything except english capital letters, space, dot, slash/ and dash</span></div>
          <div class="failed"><span class="step-keyword">Given  </span><span class="step-name">an open browser with https://anketa.alfabank.ru/alfaform-cc/endpoint?platformId=alfasite&amp;cur=rub&amp;card=master_card_mass</span><span class="step-duration">04s 634ms</span><div class="output_message"><input class="output_collapse" id="output_17792118" type="checkbox"><label for="output_17792118">Element not found {.welcome-message}</label><div>Expected: text 'Welcome, user!'<br/>Screenshot: file:/C:/Users/anast/workspace/newmavselcuc/build/reports/tests/1492420806046.1.png<br/>Timeout: 4 s.<br/>Caused by: NoSuchElementException: no such element: Unable to locate element: {"method":"css selector","selector":".welcome-message"}<br/>	at com.codeborne.selenide.impl.WebElementSource.createElementNotFoundError(WebElementSource.java:31)<br/>	at com.codeborne.selenide.impl.ElementFinder.createElementNotFoundError(ElementFinder.java:82)<br/>	at com.codeborne.selenide.impl.WebElementSource.checkCondition(WebElementSource.java:59)<br/>	at com.codeborne.selenide.commands.Should.should(Should.java:35)<br/>	at com.codeborne.selenide.commands.Should.execute(Should.java:29)<br/>	at com.codeborne.selenide.commands.Should.execute(Should.java:12)<br/>	at com.codeborne.selenide.commands.Commands.execute(Commands.java:140)<br/>	at com.codeborne.selenide.impl.SelenideElementProxy.dispatchAndRetry(SelenideElementProxy.java:86)<br/>	at com.codeborne.selenide.impl.SelenideElementProxy.invoke(SelenideElementProxy.java:62)<br/>	at com.sun.proxy.$Proxy13.shouldHave(Unknown Source)<br/>	at cucumberJava.openRegForm.an_open_browser_with_site(openRegForm.java:28)<br/>	at ✽.Given an open browser with https://anketa.alfabank.ru/alfaform-cc/endpoint?platformId=alfasite&cur=rub&card=master_card_mass(mainInfoPage.feature:160)<br/>Caused by: org.openqa.selenium.NoSuchElementException: no such element: Unable to locate element: {"method":"css selector","selector":".welcome-message"}<br/>  (Session info: chrome=57.0.2987.133)<br/>  (Driver info: chromedriver=2.28.455520 (cc17746adff54984afff480136733114c6b3704b),platform=Windows NT 10.0.14393 x86_64) (WARNING: The server did not provide any stacktrace information)<br/>Command duration or timeout: 28 milliseconds<br/>For documentation on this error, please visit: http://seleniumhq.org/exceptions/no_such_element.html<br/>Build info: version: '3.0.1', revision: '1969d75', time: '2016-10-18 09:49:13 -0700'<br/>System info: host: 'LAPTOP-6S2SOLQ2', ip: '172.23.95.58', os.name: 'Windows 10', os.arch: 'amd64', os.version: '10.0', java.version: '1.8.0_121'<br/>Driver info: org.openqa.selenium.chrome.ChromeDriver<br/>Capabilities [{applicationCacheEnabled=false, rotatable=false, mobileEmulationEnabled=false, networkConnectionEnabled=false, chrome={chromedriverVersion=2.28.455520 (cc17746adff54984afff480136733114c6b3704b), userDataDir=C:\Users\anast\AppData\Local\Temp\scoped_dir13168_3816}, takesHeapSnapshot=true, pageLoadStrategy=normal, databaseEnabled=false, handlesAlerts=true, hasTouchScreen=false, version=57.0.2987.133, platform=XP, browserConnectionEnabled=false, nativeEvents=true, acceptSslCerts=true, locationContextEnabled=true, webStorageEnabled=true, browserName=chrome, takesScreenshot=true, javascriptEnabled=true, cssSelectorsEnabled=true, unexpectedAlertBehaviour=}]<br/>Session ID: 19700616383afd84e7f5982ccb69153d<br/>*** Element info: {Using=css selector, value=.welcome-message}<br/>	at sun.reflect.GeneratedConstructorAccessor8.newInstance(Unknown Source)<br/>	at sun.reflect.DelegatingConstructorAccessorImpl.newInstance(DelegatingConstructorAccessorImpl.java:45)<br/>	at java.lang.reflect.Constructor.newInstance(Constructor.java:423)<br/>	at org.openqa.selenium.remote.ErrorHandler.createThrowable(ErrorHandler.java:216)<br/>	at org.openqa.selenium.remote.ErrorHandler.throwIfResponseFailed(ErrorHandler.java:168)<br/>	at org.openqa.selenium.remote.RemoteWebDriver.execute(RemoteWebDriver.java:635)<br/>	at org.openqa.selenium.remote.RemoteWebDriver.findElement(RemoteWebDriver.java:368)<br/>	at org.openqa.selenium.remote.RemoteWebDriver.findElementByCssSelector(RemoteWebDriver.java:465)<br/>	at org.openqa.selenium.By$ByCssSelector.findElement(By.java:430)<br/>	at org.openqa.selenium.remote.RemoteWebDriver.findElement(RemoteWebDriver.java:360)<br/>	at com.codeborne.selenide.impl.WebElementSelector.findElement(WebElementSelector.java:28)<br/>	at com.codeborne.selenide.impl.ElementFinder.getWebElement(ElementFinder.java:56)<br/>	at com.codeborne.selenide.impl.WebElementSource.checkCondition(WebElementSource.java:44)<br/>	at com.codeborne.selenide.commands.Should.should(Should.java:35)<br/>	at com.codeborne.selenide.commands.Should.execute(Should.java:29)<br/>	at com.codeborne.selenide.commands.Should.execute(Should.java:12)<br/>	at com.codeborne.selenide.commands.Commands.execute(Commands.java:140)<br/>	at com.codeborne.selenide.impl.SelenideElementProxy.dispatchAndRetry(SelenideElementProxy.java:86)<br/>	at com.codeborne.selenide.impl.SelenideElementProxy.invoke(SelenideElementProxy.java:62)<br/>	at com.sun.proxy.$Proxy13.shouldHave(Unknown Source)<br/>	at cucumberJava.openRegForm.an_open_browser_with_site(openRegForm.java:28)<br/>	at sun.reflect.NativeMethodAccessorImpl.invoke0(Native Method)<br/>	at sun.reflect.NativeMethodAccessorImpl.invoke(NativeMethodAccessorImpl.java:62)<br/>	at sun.reflect.DelegatingMethodAccessorImpl.invoke(DelegatingMethodAccessorImpl.java:43)<br/>	at java.lang.reflect.Method.invoke(Method.java:498)<br/>	at cucumber.runtime.Utils$1.call(Utils.java:40)<br/>	at cucumber.runtime.Timeout.timeout(Timeout.java:16)<br/>	at cucumber.runtime.Utils.invoke(Utils.java:34)<br/>	at cucumber.runtime.java.JavaStepDefinition.execute(JavaStepDefinition.java:38)<br/>	at cucumber.runtime.StepDefinitionMatch.runStep(StepDefinitionMatch.java:37)<br/>	at cucumber.runtime.Runtime.runStep(Runtime.java:300)<br/>	at cucumber.runtime.model.StepContainer.runStep(StepContainer.java:44)<br/>	at cucumber.runtime.model.StepContainer.runSteps(StepContainer.java:39)<br/>	at cucumber.runtime.model.CucumberScenario.run(CucumberScenario.java:44)<br/>	at cucumber.runtime.junit.ExecutionUnitRunner.run(ExecutionUnitRunner.java:102)<br/>	at org.junit.runners.Suite.runChild(Suite.java:128)<br/>	at org.junit.runners.Suite.runChild(Suite.java:27)<br/>	at org.junit.runners.ParentRunner$3.run(ParentRunner.java:290)<br/>	at org.junit.runners.ParentRunner$1.schedule(ParentRunner.java:71)<br/>	at org.junit.runners.ParentRunner.runChildren(ParentRunner.java:288)<br/>	at org.junit.runners.ParentRunner.access$000(ParentRunner.java:58)<br/>	at org.junit.runners.ParentRunner$2.evaluate(ParentRunner.java:268)<br/>	at org.junit.runners.ParentRunner.run(ParentRunner.java:363)<br/>	at cucumber.runtime.junit.ExamplesRunner.run(ExamplesRunner.java:59)<br/>	at org.junit.runners.Suite.runChild(Suite.java:128)<br/>	at org.junit.runners.Suite.runChild(Suite.java:27)<br/>	at org.junit.runners.ParentRunner$3.run(ParentRunner.java:290)<br/>	at org.junit.runners.ParentRunner$1.schedule(ParentRunner.java:71)<br/>	at org.junit.runners.ParentRunner.runChildren(ParentRunner.java:288)<br/>	at org.junit.runners.ParentRunner.access$000(ParentRunner.java:58)<br/>	at org.junit.runners.ParentRunner$2.evaluate(ParentRunner.java:268)<br/>	at org.junit.runners.ParentRunner.run(ParentRunner.java:363)<br/>	at cucumber.runtime.junit.ScenarioOutlineRunner.run(ScenarioOutlineRunner.java:53)<br/>	at cucumber.runtime.junit.FeatureRunner.runChild(FeatureRunner.java:63)<br/>	at cucumber.runtime.junit.FeatureRunner.runChild(FeatureRunner.java:18)<br/>	at org.junit.runners.ParentRunner$3.run(ParentRunner.java:290)<br/>	at org.junit.runners.ParentRunner$1.schedule(ParentRunner.java:71)<br/>	at org.junit.runners.ParentRunner.runChildren(ParentRunner.java:288)<br/>	at org.junit.runners.ParentRunner.access$000(ParentRunner.java:58)<br/>	at org.junit.runners.ParentRunner$2.evaluate(ParentRunner.java:268)<br/>	at org.junit.runners.ParentRunner.run(ParentRunner.java:363)<br/>	at cucumber.runtime.junit.FeatureRunner.run(FeatureRunner.java:70)<br/>	at cucumber.api.junit.Cucumber.runChild(Cucumber.java:95)<br/>	at cucumber.api.junit.Cucumber.runChild(Cucumber.java:38)<br/>	at org.junit.runners.ParentRunner$3.run(ParentRunner.java:290)<br/>	at org.junit.runners.ParentRunner$1.schedule(ParentRunner.java:71)<br/>	at org.junit.runners.ParentRunner.runChildren(ParentRunner.java:288)<br/>	at org.junit.runners.ParentRunner.access$000(ParentRunner.java:58)<br/>	at org.junit.runners.ParentRunner$2.evaluate(ParentRunner.java:268)<br/>	at org.junit.runners.ParentRunner.run(ParentRunner.java:363)<br/>	at cucumber.api.junit.Cucumber.run(Cucumber.java:100)<br/>	at org.apache.maven.surefire.junit4.JUnit4Provider.execute(JUnit4Provider.java:367)<br/>	at org.apache.maven.surefire.junit4.JUnit4Provider.executeWithRerun(JUnit4Provider.java:274)<br/>	at org.apache.maven.surefire.junit4.JUnit4Provider.executeTestSet(JUnit4Provider.java:238)<br/>	at org.apache.maven.surefire.junit4.JUnit4Provider.invoke(JUnit4Provider.java:161)<br/>	at org.apache.maven.surefire.booter.ForkedBooter.invokeProviderInSameClassLoader(ForkedBooter.java:290)<br/>	at org.apache.maven.surefire.booter.ForkedBooter.runSuitesInProcess(ForkedBooter.java:242)<br/>	at org.apache.maven.surefire.booter.ForkedBooter.main(ForkedBooter.java:121)<br/></div></div></div>
      
            <div></div>
      <div></div>
          <div class="undefined"><span class="step-keyword">When  </span><span class="step-name">I type invalid</span><span class="step-duration">000ms</span></div>
      
            <div></div>
      <div></div>
          <div class="undefined"><span class="step-keyword">Then  </span><span class="step-name">&#1055;&#1086;&#1083;&#1077; &#1060;&#1048;&#1054; &#1076;&#1083;&#1103; &#1101;&#1084;&#1073;&#1086;&#1089;&#1089;&#1080;&#1088;&#1086;&#1074;&#1072;&#1085;&#1080;&#1103; &#1080;&#1084;&#1077;&#1077;&#1090; &#1079;&#1085;&#1072;&#1095;&#1077;&#1085;&#1080;&#1077; &#1087;&#1091;&#1089;&#1090;&#1086;&#1077;</span><span class="step-duration">000ms</span></div>
      
            <div></div>
      <div></div>
        
    <br>
      <a href="mainInfoPage-feature.html">View Feature File</a>
    <div class="feature-tags"><a href="test1.html">@test1</a>, <a href="inDevelopment.html">@inDevelopment</a></div>
    
    <div class="failed"><span class="element-keyword">Scenario Outline: </span><span class="element-name">&#1060;&#1048;&#1054; &#1076;&#1083;&#1103; &#1101;&#1084;&#1073;&#1086;&#1089;&#1089;&#1080;&#1088;&#1086;&#1074;&#1072;&#1085;&#1080;&#1103; field does not accept anything except english capital letters, space, dot, slash/ and dash</span></div>
          <div class="failed"><span class="step-keyword">Given  </span><span class="step-name">an open browser with https://anketa.alfabank.ru/alfaform-cc/endpoint?platformId=alfasite&amp;cur=rub&amp;card=master_card_mass</span><span class="step-duration">04s 337ms</span><div class="output_message"><input class="output_collapse" id="output_74735260" type="checkbox"><label for="output_74735260">Element not found {.welcome-message}</label><div>Expected: text 'Welcome, user!'<br/>Screenshot: file:/C:/Users/anast/workspace/newmavselcuc/build/reports/tests/1492420810723.2.png<br/>Timeout: 4 s.<br/>Caused by: NoSuchElementException: no such element: Unable to locate element: {"method":"css selector","selector":".welcome-message"}<br/>	at com.codeborne.selenide.impl.WebElementSource.createElementNotFoundError(WebElementSource.java:31)<br/>	at com.codeborne.selenide.impl.ElementFinder.createElementNotFoundError(ElementFinder.java:82)<br/>	at com.codeborne.selenide.impl.WebElementSource.checkCondition(WebElementSource.java:59)<br/>	at com.codeborne.selenide.commands.Should.should(Should.java:35)<br/>	at com.codeborne.selenide.commands.Should.execute(Should.java:29)<br/>	at com.codeborne.selenide.commands.Should.execute(Should.java:12)<br/>	at com.codeborne.selenide.commands.Commands.execute(Commands.java:140)<br/>	at com.codeborne.selenide.impl.SelenideElementProxy.dispatchAndRetry(SelenideElementProxy.java:86)<br/>	at com.codeborne.selenide.impl.SelenideElementProxy.invoke(SelenideElementProxy.java:62)<br/>	at com.sun.proxy.$Proxy13.shouldHave(Unknown Source)<br/>	at cucumberJava.openRegForm.an_open_browser_with_site(openRegForm.java:28)<br/>	at ✽.Given an open browser with https://anketa.alfabank.ru/alfaform-cc/endpoint?platformId=alfasite&cur=rub&card=master_card_mass(mainInfoPage.feature:160)<br/>Caused by: org.openqa.selenium.NoSuchElementException: no such element: Unable to locate element: {"method":"css selector","selector":".welcome-message"}<br/>  (Session info: chrome=57.0.2987.133)<br/>  (Driver info: chromedriver=2.28.455520 (cc17746adff54984afff480136733114c6b3704b),platform=Windows NT 10.0.14393 x86_64) (WARNING: The server did not provide any stacktrace information)<br/>Command duration or timeout: 18 milliseconds<br/>For documentation on this error, please visit: http://seleniumhq.org/exceptions/no_such_element.html<br/>Build info: version: '3.0.1', revision: '1969d75', time: '2016-10-18 09:49:13 -0700'<br/>System info: host: 'LAPTOP-6S2SOLQ2', ip: '172.23.95.58', os.name: 'Windows 10', os.arch: 'amd64', os.version: '10.0', java.version: '1.8.0_121'<br/>Driver info: org.openqa.selenium.chrome.ChromeDriver<br/>Capabilities [{applicationCacheEnabled=false, rotatable=false, mobileEmulationEnabled=false, networkConnectionEnabled=false, chrome={chromedriverVersion=2.28.455520 (cc17746adff54984afff480136733114c6b3704b), userDataDir=C:\Users\anast\AppData\Local\Temp\scoped_dir13168_3816}, takesHeapSnapshot=true, pageLoadStrategy=normal, databaseEnabled=false, handlesAlerts=true, hasTouchScreen=false, version=57.0.2987.133, platform=XP, browserConnectionEnabled=false, nativeEvents=true, acceptSslCerts=true, locationContextEnabled=true, webStorageEnabled=true, browserName=chrome, takesScreenshot=true, javascriptEnabled=true, cssSelectorsEnabled=true, unexpectedAlertBehaviour=}]<br/>Session ID: 19700616383afd84e7f5982ccb69153d<br/>*** Element info: {Using=css selector, value=.welcome-message}<br/>	at sun.reflect.GeneratedConstructorAccessor8.newInstance(Unknown Source)<br/>	at sun.reflect.DelegatingConstructorAccessorImpl.newInstance(DelegatingConstructorAccessorImpl.java:45)<br/>	at java.lang.reflect.Constructor.newInstance(Constructor.java:423)<br/>	at org.openqa.selenium.remote.ErrorHandler.createThrowable(ErrorHandler.java:216)<br/>	at org.openqa.selenium.remote.ErrorHandler.throwIfResponseFailed(ErrorHandler.java:168)<br/>	at org.openqa.selenium.remote.RemoteWebDriver.execute(RemoteWebDriver.java:635)<br/>	at org.openqa.selenium.remote.RemoteWebDriver.findElement(RemoteWebDriver.java:368)<br/>	at org.openqa.selenium.remote.RemoteWebDriver.findElementByCssSelector(RemoteWebDriver.java:465)<br/>	at org.openqa.selenium.By$ByCssSelector.findElement(By.java:430)<br/>	at org.openqa.selenium.remote.RemoteWebDriver.findElement(RemoteWebDriver.java:360)<br/>	at com.codeborne.selenide.impl.WebElementSelector.findElement(WebElementSelector.java:28)<br/>	at com.codeborne.selenide.impl.ElementFinder.getWebElement(ElementFinder.java:56)<br/>	at com.codeborne.selenide.impl.WebElementSource.checkCondition(WebElementSource.java:44)<br/>	at com.codeborne.selenide.commands.Should.should(Should.java:35)<br/>	at com.codeborne.selenide.commands.Should.execute(Should.java:29)<br/>	at com.codeborne.selenide.commands.Should.execute(Should.java:12)<br/>	at com.codeborne.selenide.commands.Commands.execute(Commands.java:140)<br/>	at com.codeborne.selenide.impl.SelenideElementProxy.dispatchAndRetry(SelenideElementProxy.java:86)<br/>	at com.codeborne.selenide.impl.SelenideElementProxy.invoke(SelenideElementProxy.java:62)<br/>	at com.sun.proxy.$Proxy13.shouldHave(Unknown Source)<br/>	at cucumberJava.openRegForm.an_open_browser_with_site(openRegForm.java:28)<br/>	at sun.reflect.NativeMethodAccessorImpl.invoke0(Native Method)<br/>	at sun.reflect.NativeMethodAccessorImpl.invoke(NativeMethodAccessorImpl.java:62)<br/>	at sun.reflect.DelegatingMethodAccessorImpl.invoke(DelegatingMethodAccessorImpl.java:43)<br/>	at java.lang.reflect.Method.invoke(Method.java:498)<br/>	at cucumber.runtime.Utils$1.call(Utils.java:40)<br/>	at cucumber.runtime.Timeout.timeout(Timeout.java:16)<br/>	at cucumber.runtime.Utils.invoke(Utils.java:34)<br/>	at cucumber.runtime.java.JavaStepDefinition.execute(JavaStepDefinition.java:38)<br/>	at cucumber.runtime.StepDefinitionMatch.runStep(StepDefinitionMatch.java:37)<br/>	at cucumber.runtime.Runtime.runStep(Runtime.java:300)<br/>	at cucumber.runtime.model.StepContainer.runStep(StepContainer.java:44)<br/>	at cucumber.runtime.model.StepContainer.runSteps(StepContainer.java:39)<br/>	at cucumber.runtime.model.CucumberScenario.run(CucumberScenario.java:44)<br/>	at cucumber.runtime.junit.ExecutionUnitRunner.run(ExecutionUnitRunner.java:102)<br/>	at org.junit.runners.Suite.runChild(Suite.java:128)<br/>	at org.junit.runners.Suite.runChild(Suite.java:27)<br/>	at org.junit.runners.ParentRunner$3.run(ParentRunner.java:290)<br/>	at org.junit.runners.ParentRunner$1.schedule(ParentRunner.java:71)<br/>	at org.junit.runners.ParentRunner.runChildren(ParentRunner.java:288)<br/>	at org.junit.runners.ParentRunner.access$000(ParentRunner.java:58)<br/>	at org.junit.runners.ParentRunner$2.evaluate(ParentRunner.java:268)<br/>	at org.junit.runners.ParentRunner.run(ParentRunner.java:363)<br/>	at cucumber.runtime.junit.ExamplesRunner.run(ExamplesRunner.java:59)<br/>	at org.junit.runners.Suite.runChild(Suite.java:128)<br/>	at org.junit.runners.Suite.runChild(Suite.java:27)<br/>	at org.junit.runners.ParentRunner$3.run(ParentRunner.java:290)<br/>	at org.junit.runners.ParentRunner$1.schedule(ParentRunner.java:71)<br/>	at org.junit.runners.ParentRunner.runChildren(ParentRunner.java:288)<br/>	at org.junit.runners.ParentRunner.access$000(ParentRunner.java:58)<br/>	at org.junit.runners.ParentRunner$2.evaluate(ParentRunner.java:268)<br/>	at org.junit.runners.ParentRunner.run(ParentRunner.java:363)<br/>	at cucumber.runtime.junit.ScenarioOutlineRunner.run(ScenarioOutlineRunner.java:53)<br/>	at cucumber.runtime.junit.FeatureRunner.runChild(FeatureRunner.java:63)<br/>	at cucumber.runtime.junit.FeatureRunner.runChild(FeatureRunner.java:18)<br/>	at org.junit.runners.ParentRunner$3.run(ParentRunner.java:290)<br/>	at org.junit.runners.ParentRunner$1.schedule(ParentRunner.java:71)<br/>	at org.junit.runners.ParentRunner.runChildren(ParentRunner.java:288)<br/>	at org.junit.runners.ParentRunner.access$000(ParentRunner.java:58)<br/>	at org.junit.runners.ParentRunner$2.evaluate(ParentRunner.java:268)<br/>	at org.junit.runners.ParentRunner.run(ParentRunner.java:363)<br/>	at cucumber.runtime.junit.FeatureRunner.run(FeatureRunner.java:70)<br/>	at cucumber.api.junit.Cucumber.runChild(Cucumber.java:95)<br/>	at cucumber.api.junit.Cucumber.runChild(Cucumber.java:38)<br/>	at org.junit.runners.ParentRunner$3.run(ParentRunner.java:290)<br/>	at org.junit.runners.ParentRunner$1.schedule(ParentRunner.java:71)<br/>	at org.junit.runners.ParentRunner.runChildren(ParentRunner.java:288)<br/>	at org.junit.runners.ParentRunner.access$000(ParentRunner.java:58)<br/>	at org.junit.runners.ParentRunner$2.evaluate(ParentRunner.java:268)<br/>	at org.junit.runners.ParentRunner.run(ParentRunner.java:363)<br/>	at cucumber.api.junit.Cucumber.run(Cucumber.java:100)<br/>	at org.apache.maven.surefire.junit4.JUnit4Provider.execute(JUnit4Provider.java:367)<br/>	at org.apache.maven.surefire.junit4.JUnit4Provider.executeWithRerun(JUnit4Provider.java:274)<br/>	at org.apache.maven.surefire.junit4.JUnit4Provider.executeTestSet(JUnit4Provider.java:238)<br/>	at org.apache.maven.surefire.junit4.JUnit4Provider.invoke(JUnit4Provider.java:161)<br/>	at org.apache.maven.surefire.booter.ForkedBooter.invokeProviderInSameClassLoader(ForkedBooter.java:290)<br/>	at org.apache.maven.surefire.booter.ForkedBooter.runSuitesInProcess(ForkedBooter.java:242)<br/>	at org.apache.maven.surefire.booter.ForkedBooter.main(ForkedBooter.java:121)<br/></div></div></div>
      
            <div></div>
      <div></div>
          <div class="undefined"><span class="step-keyword">When  </span><span class="step-name">I type invalid</span><span class="step-duration">000ms</span></div>
      
            <div></div>
      <div></div>
          <div class="undefined"><span class="step-keyword">Then  </span><span class="step-name">&#1055;&#1086;&#1083;&#1077; &#1060;&#1048;&#1054; &#1076;&#1083;&#1103; &#1101;&#1084;&#1073;&#1086;&#1089;&#1089;&#1080;&#1088;&#1086;&#1074;&#1072;&#1085;&#1080;&#1103; &#1080;&#1084;&#1077;&#1077;&#1090; &#1079;&#1085;&#1072;&#1095;&#1077;&#1085;&#1080;&#1077; &#1087;&#1091;&#1089;&#1090;&#1086;&#1077;</span><span class="step-duration">000ms</span></div>
      
            <div></div>
      <div></div>
        
    <br>
      <a href="mainInfoPage-feature.html">View Feature File</a>
    <div class="feature-tags"><a href="test1.html">@test1</a>, <a href="inDevelopment.html">@inDevelopment</a></div>
    
    <div class="failed"><span class="element-keyword">Scenario Outline: </span><span class="element-name">&#1060;&#1048;&#1054; &#1076;&#1083;&#1103; &#1101;&#1084;&#1073;&#1086;&#1089;&#1089;&#1080;&#1088;&#1086;&#1074;&#1072;&#1085;&#1080;&#1103; field does not accept anything except english capital letters, space, dot, slash/ and dash</span></div>
          <div class="failed"><span class="step-keyword">Given  </span><span class="step-name">an open browser with https://anketa.alfabank.ru/alfaform-cc/endpoint?platformId=alfasite&amp;cur=rub&amp;card=master_card_mass</span><span class="step-duration">04s 258ms</span><div class="output_message"><input class="output_collapse" id="output_791412502" type="checkbox"><label for="output_791412502">Element not found {.welcome-message}</label><div>Expected: text 'Welcome, user!'<br/>Screenshot: file:/C:/Users/anast/workspace/newmavselcuc/build/reports/tests/1492420815087.3.png<br/>Timeout: 4 s.<br/>Caused by: NoSuchElementException: no such element: Unable to locate element: {"method":"css selector","selector":".welcome-message"}<br/>	at com.codeborne.selenide.impl.WebElementSource.createElementNotFoundError(WebElementSource.java:31)<br/>	at com.codeborne.selenide.impl.ElementFinder.createElementNotFoundError(ElementFinder.java:82)<br/>	at com.codeborne.selenide.impl.WebElementSource.checkCondition(WebElementSource.java:59)<br/>	at com.codeborne.selenide.commands.Should.should(Should.java:35)<br/>	at com.codeborne.selenide.commands.Should.execute(Should.java:29)<br/>	at com.codeborne.selenide.commands.Should.execute(Should.java:12)<br/>	at com.codeborne.selenide.commands.Commands.execute(Commands.java:140)<br/>	at com.codeborne.selenide.impl.SelenideElementProxy.dispatchAndRetry(SelenideElementProxy.java:86)<br/>	at com.codeborne.selenide.impl.SelenideElementProxy.invoke(SelenideElementProxy.java:62)<br/>	at com.sun.proxy.$Proxy13.shouldHave(Unknown Source)<br/>	at cucumberJava.openRegForm.an_open_browser_with_site(openRegForm.java:28)<br/>	at ✽.Given an open browser with https://anketa.alfabank.ru/alfaform-cc/endpoint?platformId=alfasite&cur=rub&card=master_card_mass(mainInfoPage.feature:160)<br/>Caused by: org.openqa.selenium.NoSuchElementException: no such element: Unable to locate element: {"method":"css selector","selector":".welcome-message"}<br/>  (Session info: chrome=57.0.2987.133)<br/>  (Driver info: chromedriver=2.28.455520 (cc17746adff54984afff480136733114c6b3704b),platform=Windows NT 10.0.14393 x86_64) (WARNING: The server did not provide any stacktrace information)<br/>Command duration or timeout: 24 milliseconds<br/>For documentation on this error, please visit: http://seleniumhq.org/exceptions/no_such_element.html<br/>Build info: version: '3.0.1', revision: '1969d75', time: '2016-10-18 09:49:13 -0700'<br/>System info: host: 'LAPTOP-6S2SOLQ2', ip: '172.23.95.58', os.name: 'Windows 10', os.arch: 'amd64', os.version: '10.0', java.version: '1.8.0_121'<br/>Driver info: org.openqa.selenium.chrome.ChromeDriver<br/>Capabilities [{applicationCacheEnabled=false, rotatable=false, mobileEmulationEnabled=false, networkConnectionEnabled=false, chrome={chromedriverVersion=2.28.455520 (cc17746adff54984afff480136733114c6b3704b), userDataDir=C:\Users\anast\AppData\Local\Temp\scoped_dir13168_3816}, takesHeapSnapshot=true, pageLoadStrategy=normal, databaseEnabled=false, handlesAlerts=true, hasTouchScreen=false, version=57.0.2987.133, platform=XP, browserConnectionEnabled=false, nativeEvents=true, acceptSslCerts=true, locationContextEnabled=true, webStorageEnabled=true, browserName=chrome, takesScreenshot=true, javascriptEnabled=true, cssSelectorsEnabled=true, unexpectedAlertBehaviour=}]<br/>Session ID: 19700616383afd84e7f5982ccb69153d<br/>*** Element info: {Using=css selector, value=.welcome-message}<br/>	at sun.reflect.GeneratedConstructorAccessor8.newInstance(Unknown Source)<br/>	at sun.reflect.DelegatingConstructorAccessorImpl.newInstance(DelegatingConstructorAccessorImpl.java:45)<br/>	at java.lang.reflect.Constructor.newInstance(Constructor.java:423)<br/>	at org.openqa.selenium.remote.ErrorHandler.createThrowable(ErrorHandler.java:216)<br/>	at org.openqa.selenium.remote.ErrorHandler.throwIfResponseFailed(ErrorHandler.java:168)<br/>	at org.openqa.selenium.remote.RemoteWebDriver.execute(RemoteWebDriver.java:635)<br/>	at org.openqa.selenium.remote.RemoteWebDriver.findElement(RemoteWebDriver.java:368)<br/>	at org.openqa.selenium.remote.RemoteWebDriver.findElementByCssSelector(RemoteWebDriver.java:465)<br/>	at org.openqa.selenium.By$ByCssSelector.findElement(By.java:430)<br/>	at org.openqa.selenium.remote.RemoteWebDriver.findElement(RemoteWebDriver.java:360)<br/>	at com.codeborne.selenide.impl.WebElementSelector.findElement(WebElementSelector.java:28)<br/>	at com.codeborne.selenide.impl.ElementFinder.getWebElement(ElementFinder.java:56)<br/>	at com.codeborne.selenide.impl.WebElementSource.checkCondition(WebElementSource.java:44)<br/>	at com.codeborne.selenide.commands.Should.should(Should.java:35)<br/>	at com.codeborne.selenide.commands.Should.execute(Should.java:29)<br/>	at com.codeborne.selenide.commands.Should.execute(Should.java:12)<br/>	at com.codeborne.selenide.commands.Commands.execute(Commands.java:140)<br/>	at com.codeborne.selenide.impl.SelenideElementProxy.dispatchAndRetry(SelenideElementProxy.java:86)<br/>	at com.codeborne.selenide.impl.SelenideElementProxy.invoke(SelenideElementProxy.java:62)<br/>	at com.sun.proxy.$Proxy13.shouldHave(Unknown Source)<br/>	at cucumberJava.openRegForm.an_open_browser_with_site(openRegForm.java:28)<br/>	at sun.reflect.NativeMethodAccessorImpl.invoke0(Native Method)<br/>	at sun.reflect.NativeMethodAccessorImpl.invoke(NativeMethodAccessorImpl.java:62)<br/>	at sun.reflect.DelegatingMethodAccessorImpl.invoke(DelegatingMethodAccessorImpl.java:43)<br/>	at java.lang.reflect.Method.invoke(Method.java:498)<br/>	at cucumber.runtime.Utils$1.call(Utils.java:40)<br/>	at cucumber.runtime.Timeout.timeout(Timeout.java:16)<br/>	at cucumber.runtime.Utils.invoke(Utils.java:34)<br/>	at cucumber.runtime.java.JavaStepDefinition.execute(JavaStepDefinition.java:38)<br/>	at cucumber.runtime.StepDefinitionMatch.runStep(StepDefinitionMatch.java:37)<br/>	at cucumber.runtime.Runtime.runStep(Runtime.java:300)<br/>	at cucumber.runtime.model.StepContainer.runStep(StepContainer.java:44)<br/>	at cucumber.runtime.model.StepContainer.runSteps(StepContainer.java:39)<br/>	at cucumber.runtime.model.CucumberScenario.run(CucumberScenario.java:44)<br/>	at cucumber.runtime.junit.ExecutionUnitRunner.run(ExecutionUnitRunner.java:102)<br/>	at org.junit.runners.Suite.runChild(Suite.java:128)<br/>	at org.junit.runners.Suite.runChild(Suite.java:27)<br/>	at org.junit.runners.ParentRunner$3.run(ParentRunner.java:290)<br/>	at org.junit.runners.ParentRunner$1.schedule(ParentRunner.java:71)<br/>	at org.junit.runners.ParentRunner.runChildren(ParentRunner.java:288)<br/>	at org.junit.runners.ParentRunner.access$000(ParentRunner.java:58)<br/>	at org.junit.runners.ParentRunner$2.evaluate(ParentRunner.java:268)<br/>	at org.junit.runners.ParentRunner.run(ParentRunner.java:363)<br/>	at cucumber.runtime.junit.ExamplesRunner.run(ExamplesRunner.java:59)<br/>	at org.junit.runners.Suite.runChild(Suite.java:128)<br/>	at org.junit.runners.Suite.runChild(Suite.java:27)<br/>	at org.junit.runners.ParentRunner$3.run(ParentRunner.java:290)<br/>	at org.junit.runners.ParentRunner$1.schedule(ParentRunner.java:71)<br/>	at org.junit.runners.ParentRunner.runChildren(ParentRunner.java:288)<br/>	at org.junit.runners.ParentRunner.access$000(ParentRunner.java:58)<br/>	at org.junit.runners.ParentRunner$2.evaluate(ParentRunner.java:268)<br/>	at org.junit.runners.ParentRunner.run(ParentRunner.java:363)<br/>	at cucumber.runtime.junit.ScenarioOutlineRunner.run(ScenarioOutlineRunner.java:53)<br/>	at cucumber.runtime.junit.FeatureRunner.runChild(FeatureRunner.java:63)<br/>	at cucumber.runtime.junit.FeatureRunner.runChild(FeatureRunner.java:18)<br/>	at org.junit.runners.ParentRunner$3.run(ParentRunner.java:290)<br/>	at org.junit.runners.ParentRunner$1.schedule(ParentRunner.java:71)<br/>	at org.junit.runners.ParentRunner.runChildren(ParentRunner.java:288)<br/>	at org.junit.runners.ParentRunner.access$000(ParentRunner.java:58)<br/>	at org.junit.runners.ParentRunner$2.evaluate(ParentRunner.java:268)<br/>	at org.junit.runners.ParentRunner.run(ParentRunner.java:363)<br/>	at cucumber.runtime.junit.FeatureRunner.run(FeatureRunner.java:70)<br/>	at cucumber.api.junit.Cucumber.runChild(Cucumber.java:95)<br/>	at cucumber.api.junit.Cucumber.runChild(Cucumber.java:38)<br/>	at org.junit.runners.ParentRunner$3.run(ParentRunner.java:290)<br/>	at org.junit.runners.ParentRunner$1.schedule(ParentRunner.java:71)<br/>	at org.junit.runners.ParentRunner.runChildren(ParentRunner.java:288)<br/>	at org.junit.runners.ParentRunner.access$000(ParentRunner.java:58)<br/>	at org.junit.runners.ParentRunner$2.evaluate(ParentRunner.java:268)<br/>	at org.junit.runners.ParentRunner.run(ParentRunner.java:363)<br/>	at cucumber.api.junit.Cucumber.run(Cucumber.java:100)<br/>	at org.apache.maven.surefire.junit4.JUnit4Provider.execute(JUnit4Provider.java:367)<br/>	at org.apache.maven.surefire.junit4.JUnit4Provider.executeWithRerun(JUnit4Provider.java:274)<br/>	at org.apache.maven.surefire.junit4.JUnit4Provider.executeTestSet(JUnit4Provider.java:238)<br/>	at org.apache.maven.surefire.junit4.JUnit4Provider.invoke(JUnit4Provider.java:161)<br/>	at org.apache.maven.surefire.booter.ForkedBooter.invokeProviderInSameClassLoader(ForkedBooter.java:290)<br/>	at org.apache.maven.surefire.booter.ForkedBooter.runSuitesInProcess(ForkedBooter.java:242)<br/>	at org.apache.maven.surefire.booter.ForkedBooter.main(ForkedBooter.java:121)<br/></div></div></div>
      
            <div></div>
      <div></div>
          <div class="undefined"><span class="step-keyword">When  </span><span class="step-name">I type invalid</span><span class="step-duration">000ms</span></div>
      
            <div></div>
      <div></div>
          <div class="undefined"><span class="step-keyword">Then  </span><span class="step-name">&#1055;&#1086;&#1083;&#1077; &#1060;&#1048;&#1054; &#1076;&#1083;&#1103; &#1101;&#1084;&#1073;&#1086;&#1089;&#1089;&#1080;&#1088;&#1086;&#1074;&#1072;&#1085;&#1080;&#1103; &#1080;&#1084;&#1077;&#1077;&#1090; &#1079;&#1085;&#1072;&#1095;&#1077;&#1085;&#1080;&#1077; &#1087;&#1091;&#1089;&#1090;&#1086;&#1077;</span><span class="step-duration">000ms</span></div>
      
            <div></div>
      <div></div>
        
    <br>
      <a href="mainInfoPage-feature.html">View Feature File</a>
    <div class="feature-tags"><a href="test1.html">@test1</a>, <a href="inDevelopment.html">@inDevelopment</a></div>
    
    <div class="failed"><span class="element-keyword">Scenario Outline: </span><span class="element-name">&#1060;&#1048;&#1054; &#1076;&#1083;&#1103; &#1101;&#1084;&#1073;&#1086;&#1089;&#1089;&#1080;&#1088;&#1086;&#1074;&#1072;&#1085;&#1080;&#1103; field does not accept anything except english capital letters, space, dot, slash/ and dash</span></div>
          <div class="failed"><span class="step-keyword">Given  </span><span class="step-name">an open browser with https://anketa.alfabank.ru/alfaform-cc/endpoint?platformId=alfasite&amp;cur=rub&amp;card=master_card_mass</span><span class="step-duration">04s 183ms</span><div class="output_message"><input class="output_collapse" id="output_1977493952" type="checkbox"><label for="output_1977493952">Element not found {.welcome-message}</label><div>Expected: text 'Welcome, user!'<br/>Screenshot: file:/C:/Users/anast/workspace/newmavselcuc/build/reports/tests/1492420819282.4.png<br/>Timeout: 4 s.<br/>Caused by: NoSuchElementException: no such element: Unable to locate element: {"method":"css selector","selector":".welcome-message"}<br/>	at com.codeborne.selenide.impl.WebElementSource.createElementNotFoundError(WebElementSource.java:31)<br/>	at com.codeborne.selenide.impl.ElementFinder.createElementNotFoundError(ElementFinder.java:82)<br/>	at com.codeborne.selenide.impl.WebElementSource.checkCondition(WebElementSource.java:59)<br/>	at com.codeborne.selenide.commands.Should.should(Should.java:35)<br/>	at com.codeborne.selenide.commands.Should.execute(Should.java:29)<br/>	at com.codeborne.selenide.commands.Should.execute(Should.java:12)<br/>	at com.codeborne.selenide.commands.Commands.execute(Commands.java:140)<br/>	at com.codeborne.selenide.impl.SelenideElementProxy.dispatchAndRetry(SelenideElementProxy.java:86)<br/>	at com.codeborne.selenide.impl.SelenideElementProxy.invoke(SelenideElementProxy.java:62)<br/>	at com.sun.proxy.$Proxy13.shouldHave(Unknown Source)<br/>	at cucumberJava.openRegForm.an_open_browser_with_site(openRegForm.java:28)<br/>	at ✽.Given an open browser with https://anketa.alfabank.ru/alfaform-cc/endpoint?platformId=alfasite&cur=rub&card=master_card_mass(mainInfoPage.feature:160)<br/>Caused by: org.openqa.selenium.NoSuchElementException: no such element: Unable to locate element: {"method":"css selector","selector":".welcome-message"}<br/>  (Session info: chrome=57.0.2987.133)<br/>  (Driver info: chromedriver=2.28.455520 (cc17746adff54984afff480136733114c6b3704b),platform=Windows NT 10.0.14393 x86_64) (WARNING: The server did not provide any stacktrace information)<br/>Command duration or timeout: 16 milliseconds<br/>For documentation on this error, please visit: http://seleniumhq.org/exceptions/no_such_element.html<br/>Build info: version: '3.0.1', revision: '1969d75', time: '2016-10-18 09:49:13 -0700'<br/>System info: host: 'LAPTOP-6S2SOLQ2', ip: '172.23.95.58', os.name: 'Windows 10', os.arch: 'amd64', os.version: '10.0', java.version: '1.8.0_121'<br/>Driver info: org.openqa.selenium.chrome.ChromeDriver<br/>Capabilities [{applicationCacheEnabled=false, rotatable=false, mobileEmulationEnabled=false, networkConnectionEnabled=false, chrome={chromedriverVersion=2.28.455520 (cc17746adff54984afff480136733114c6b3704b), userDataDir=C:\Users\anast\AppData\Local\Temp\scoped_dir13168_3816}, takesHeapSnapshot=true, pageLoadStrategy=normal, databaseEnabled=false, handlesAlerts=true, hasTouchScreen=false, version=57.0.2987.133, platform=XP, browserConnectionEnabled=false, nativeEvents=true, acceptSslCerts=true, locationContextEnabled=true, webStorageEnabled=true, browserName=chrome, takesScreenshot=true, javascriptEnabled=true, cssSelectorsEnabled=true, unexpectedAlertBehaviour=}]<br/>Session ID: 19700616383afd84e7f5982ccb69153d<br/>*** Element info: {Using=css selector, value=.welcome-message}<br/>	at sun.reflect.GeneratedConstructorAccessor8.newInstance(Unknown Source)<br/>	at sun.reflect.DelegatingConstructorAccessorImpl.newInstance(DelegatingConstructorAccessorImpl.java:45)<br/>	at java.lang.reflect.Constructor.newInstance(Constructor.java:423)<br/>	at org.openqa.selenium.remote.ErrorHandler.createThrowable(ErrorHandler.java:216)<br/>	at org.openqa.selenium.remote.ErrorHandler.throwIfResponseFailed(ErrorHandler.java:168)<br/>	at org.openqa.selenium.remote.RemoteWebDriver.execute(RemoteWebDriver.java:635)<br/>	at org.openqa.selenium.remote.RemoteWebDriver.findElement(RemoteWebDriver.java:368)<br/>	at org.openqa.selenium.remote.RemoteWebDriver.findElementByCssSelector(RemoteWebDriver.java:465)<br/>	at org.openqa.selenium.By$ByCssSelector.findElement(By.java:430)<br/>	at org.openqa.selenium.remote.RemoteWebDriver.findElement(RemoteWebDriver.java:360)<br/>	at com.codeborne.selenide.impl.WebElementSelector.findElement(WebElementSelector.java:28)<br/>	at com.codeborne.selenide.impl.ElementFinder.getWebElement(ElementFinder.java:56)<br/>	at com.codeborne.selenide.impl.WebElementSource.checkCondition(WebElementSource.java:44)<br/>	at com.codeborne.selenide.commands.Should.should(Should.java:35)<br/>	at com.codeborne.selenide.commands.Should.execute(Should.java:29)<br/>	at com.codeborne.selenide.commands.Should.execute(Should.java:12)<br/>	at com.codeborne.selenide.commands.Commands.execute(Commands.java:140)<br/>	at com.codeborne.selenide.impl.SelenideElementProxy.dispatchAndRetry(SelenideElementProxy.java:86)<br/>	at com.codeborne.selenide.impl.SelenideElementProxy.invoke(SelenideElementProxy.java:62)<br/>	at com.sun.proxy.$Proxy13.shouldHave(Unknown Source)<br/>	at cucumberJava.openRegForm.an_open_browser_with_site(openRegForm.java:28)<br/>	at sun.reflect.NativeMethodAccessorImpl.invoke0(Native Method)<br/>	at sun.reflect.NativeMethodAccessorImpl.invoke(NativeMethodAccessorImpl.java:62)<br/>	at sun.reflect.DelegatingMethodAccessorImpl.invoke(DelegatingMethodAccessorImpl.java:43)<br/>	at java.lang.reflect.Method.invoke(Method.java:498)<br/>	at cucumber.runtime.Utils$1.call(Utils.java:40)<br/>	at cucumber.runtime.Timeout.timeout(Timeout.java:16)<br/>	at cucumber.runtime.Utils.invoke(Utils.java:34)<br/>	at cucumber.runtime.java.JavaStepDefinition.execute(JavaStepDefinition.java:38)<br/>	at cucumber.runtime.StepDefinitionMatch.runStep(StepDefinitionMatch.java:37)<br/>	at cucumber.runtime.Runtime.runStep(Runtime.java:300)<br/>	at cucumber.runtime.model.StepContainer.runStep(StepContainer.java:44)<br/>	at cucumber.runtime.model.StepContainer.runSteps(StepContainer.java:39)<br/>	at cucumber.runtime.model.CucumberScenario.run(CucumberScenario.java:44)<br/>	at cucumber.runtime.junit.ExecutionUnitRunner.run(ExecutionUnitRunner.java:102)<br/>	at org.junit.runners.Suite.runChild(Suite.java:128)<br/>	at org.junit.runners.Suite.runChild(Suite.java:27)<br/>	at org.junit.runners.ParentRunner$3.run(ParentRunner.java:290)<br/>	at org.junit.runners.ParentRunner$1.schedule(ParentRunner.java:71)<br/>	at org.junit.runners.ParentRunner.runChildren(ParentRunner.java:288)<br/>	at org.junit.runners.ParentRunner.access$000(ParentRunner.java:58)<br/>	at org.junit.runners.ParentRunner$2.evaluate(ParentRunner.java:268)<br/>	at org.junit.runners.ParentRunner.run(ParentRunner.java:363)<br/>	at cucumber.runtime.junit.ExamplesRunner.run(ExamplesRunner.java:59)<br/>	at org.junit.runners.Suite.runChild(Suite.java:128)<br/>	at org.junit.runners.Suite.runChild(Suite.java:27)<br/>	at org.junit.runners.ParentRunner$3.run(ParentRunner.java:290)<br/>	at org.junit.runners.ParentRunner$1.schedule(ParentRunner.java:71)<br/>	at org.junit.runners.ParentRunner.runChildren(ParentRunner.java:288)<br/>	at org.junit.runners.ParentRunner.access$000(ParentRunner.java:58)<br/>	at org.junit.runners.ParentRunner$2.evaluate(ParentRunner.java:268)<br/>	at org.junit.runners.ParentRunner.run(ParentRunner.java:363)<br/>	at cucumber.runtime.junit.ScenarioOutlineRunner.run(ScenarioOutlineRunner.java:53)<br/>	at cucumber.runtime.junit.FeatureRunner.runChild(FeatureRunner.java:63)<br/>	at cucumber.runtime.junit.FeatureRunner.runChild(FeatureRunner.java:18)<br/>	at org.junit.runners.ParentRunner$3.run(ParentRunner.java:290)<br/>	at org.junit.runners.ParentRunner$1.schedule(ParentRunner.java:71)<br/>	at org.junit.runners.ParentRunner.runChildren(ParentRunner.java:288)<br/>	at org.junit.runners.ParentRunner.access$000(ParentRunner.java:58)<br/>	at org.junit.runners.ParentRunner$2.evaluate(ParentRunner.java:268)<br/>	at org.junit.runners.ParentRunner.run(ParentRunner.java:363)<br/>	at cucumber.runtime.junit.FeatureRunner.run(FeatureRunner.java:70)<br/>	at cucumber.api.junit.Cucumber.runChild(Cucumber.java:95)<br/>	at cucumber.api.junit.Cucumber.runChild(Cucumber.java:38)<br/>	at org.junit.runners.ParentRunner$3.run(ParentRunner.java:290)<br/>	at org.junit.runners.ParentRunner$1.schedule(ParentRunner.java:71)<br/>	at org.junit.runners.ParentRunner.runChildren(ParentRunner.java:288)<br/>	at org.junit.runners.ParentRunner.access$000(ParentRunner.java:58)<br/>	at org.junit.runners.ParentRunner$2.evaluate(ParentRunner.java:268)<br/>	at org.junit.runners.ParentRunner.run(ParentRunner.java:363)<br/>	at cucumber.api.junit.Cucumber.run(Cucumber.java:100)<br/>	at org.apache.maven.surefire.junit4.JUnit4Provider.execute(JUnit4Provider.java:367)<br/>	at org.apache.maven.surefire.junit4.JUnit4Provider.executeWithRerun(JUnit4Provider.java:274)<br/>	at org.apache.maven.surefire.junit4.JUnit4Provider.executeTestSet(JUnit4Provider.java:238)<br/>	at org.apache.maven.surefire.junit4.JUnit4Provider.invoke(JUnit4Provider.java:161)<br/>	at org.apache.maven.surefire.booter.ForkedBooter.invokeProviderInSameClassLoader(ForkedBooter.java:290)<br/>	at org.apache.maven.surefire.booter.ForkedBooter.runSuitesInProcess(ForkedBooter.java:242)<br/>	at org.apache.maven.surefire.booter.ForkedBooter.main(ForkedBooter.java:121)<br/></div></div></div>
      
            <div></div>
      <div></div>
          <div class="undefined"><span class="step-keyword">When  </span><span class="step-name">I type invalid</span><span class="step-duration">000ms</span></div>
      
            <div></div>
      <div></div>
          <div class="undefined"><span class="step-keyword">Then  </span><span class="step-name">&#1055;&#1086;&#1083;&#1077; &#1060;&#1048;&#1054; &#1076;&#1083;&#1103; &#1101;&#1084;&#1073;&#1086;&#1089;&#1089;&#1080;&#1088;&#1086;&#1074;&#1072;&#1085;&#1080;&#1103; &#1080;&#1084;&#1077;&#1077;&#1090; &#1079;&#1085;&#1072;&#1095;&#1077;&#1085;&#1080;&#1077; &#1087;&#1091;&#1089;&#1090;&#1086;&#1077;</span><span class="step-duration">000ms</span></div>
      
            <div></div>
      <div></div>
        
    <br>
      <a href="mainInfoPage-feature.html">View Feature File</a>
    <div class="feature-tags"><a href="test1.html">@test1</a>, <a href="inDevelopment.html">@inDevelopment</a></div>
    
    <div class="failed"><span class="element-keyword">Scenario Outline: </span><span class="element-name">&#1060;&#1048;&#1054; &#1076;&#1083;&#1103; &#1101;&#1084;&#1073;&#1086;&#1089;&#1089;&#1080;&#1088;&#1086;&#1074;&#1072;&#1085;&#1080;&#1103; field does not accept anything except english capital letters, space, dot, slash/ and dash</span></div>
          <div class="failed"><span class="step-keyword">Given  </span><span class="step-name">an open browser with https://anketa.alfabank.ru/alfaform-cc/endpoint?platformId=alfasite&amp;cur=rub&amp;card=master_card_mass</span><span class="step-duration">04s 369ms</span><div class="output_message"><input class="output_collapse" id="output_695085082" type="checkbox"><label for="output_695085082">Element not found {.welcome-message}</label><div>Expected: text 'Welcome, user!'<br/>Screenshot: file:/C:/Users/anast/workspace/newmavselcuc/build/reports/tests/1492420823563.5.png<br/>Timeout: 4 s.<br/>Caused by: NoSuchElementException: no such element: Unable to locate element: {"method":"css selector","selector":".welcome-message"}<br/>	at com.codeborne.selenide.impl.WebElementSource.createElementNotFoundError(WebElementSource.java:31)<br/>	at com.codeborne.selenide.impl.ElementFinder.createElementNotFoundError(ElementFinder.java:82)<br/>	at com.codeborne.selenide.impl.WebElementSource.checkCondition(WebElementSource.java:59)<br/>	at com.codeborne.selenide.commands.Should.should(Should.java:35)<br/>	at com.codeborne.selenide.commands.Should.execute(Should.java:29)<br/>	at com.codeborne.selenide.commands.Should.execute(Should.java:12)<br/>	at com.codeborne.selenide.commands.Commands.execute(Commands.java:140)<br/>	at com.codeborne.selenide.impl.SelenideElementProxy.dispatchAndRetry(SelenideElementProxy.java:86)<br/>	at com.codeborne.selenide.impl.SelenideElementProxy.invoke(SelenideElementProxy.java:62)<br/>	at com.sun.proxy.$Proxy13.shouldHave(Unknown Source)<br/>	at cucumberJava.openRegForm.an_open_browser_with_site(openRegForm.java:28)<br/>	at ✽.Given an open browser with https://anketa.alfabank.ru/alfaform-cc/endpoint?platformId=alfasite&cur=rub&card=master_card_mass(mainInfoPage.feature:160)<br/>Caused by: org.openqa.selenium.NoSuchElementException: no such element: Unable to locate element: {"method":"css selector","selector":".welcome-message"}<br/>  (Session info: chrome=57.0.2987.133)<br/>  (Driver info: chromedriver=2.28.455520 (cc17746adff54984afff480136733114c6b3704b),platform=Windows NT 10.0.14393 x86_64) (WARNING: The server did not provide any stacktrace information)<br/>Command duration or timeout: 30 milliseconds<br/>For documentation on this error, please visit: http://seleniumhq.org/exceptions/no_such_element.html<br/>Build info: version: '3.0.1', revision: '1969d75', time: '2016-10-18 09:49:13 -0700'<br/>System info: host: 'LAPTOP-6S2SOLQ2', ip: '172.23.95.58', os.name: 'Windows 10', os.arch: 'amd64', os.version: '10.0', java.version: '1.8.0_121'<br/>Driver info: org.openqa.selenium.chrome.ChromeDriver<br/>Capabilities [{applicationCacheEnabled=false, rotatable=false, mobileEmulationEnabled=false, networkConnectionEnabled=false, chrome={chromedriverVersion=2.28.455520 (cc17746adff54984afff480136733114c6b3704b), userDataDir=C:\Users\anast\AppData\Local\Temp\scoped_dir13168_3816}, takesHeapSnapshot=true, pageLoadStrategy=normal, databaseEnabled=false, handlesAlerts=true, hasTouchScreen=false, version=57.0.2987.133, platform=XP, browserConnectionEnabled=false, nativeEvents=true, acceptSslCerts=true, locationContextEnabled=true, webStorageEnabled=true, browserName=chrome, takesScreenshot=true, javascriptEnabled=true, cssSelectorsEnabled=true, unexpectedAlertBehaviour=}]<br/>Session ID: 19700616383afd84e7f5982ccb69153d<br/>*** Element info: {Using=css selector, value=.welcome-message}<br/>	at sun.reflect.GeneratedConstructorAccessor8.newInstance(Unknown Source)<br/>	at sun.reflect.DelegatingConstructorAccessorImpl.newInstance(DelegatingConstructorAccessorImpl.java:45)<br/>	at java.lang.reflect.Constructor.newInstance(Constructor.java:423)<br/>	at org.openqa.selenium.remote.ErrorHandler.createThrowable(ErrorHandler.java:216)<br/>	at org.openqa.selenium.remote.ErrorHandler.throwIfResponseFailed(ErrorHandler.java:168)<br/>	at org.openqa.selenium.remote.RemoteWebDriver.execute(RemoteWebDriver.java:635)<br/>	at org.openqa.selenium.remote.RemoteWebDriver.findElement(RemoteWebDriver.java:368)<br/>	at org.openqa.selenium.remote.RemoteWebDriver.findElementByCssSelector(RemoteWebDriver.java:465)<br/>	at org.openqa.selenium.By$ByCssSelector.findElement(By.java:430)<br/>	at org.openqa.selenium.remote.RemoteWebDriver.findElement(RemoteWebDriver.java:360)<br/>	at com.codeborne.selenide.impl.WebElementSelector.findElement(WebElementSelector.java:28)<br/>	at com.codeborne.selenide.impl.ElementFinder.getWebElement(ElementFinder.java:56)<br/>	at com.codeborne.selenide.impl.WebElementSource.checkCondition(WebElementSource.java:44)<br/>	at com.codeborne.selenide.commands.Should.should(Should.java:35)<br/>	at com.codeborne.selenide.commands.Should.execute(Should.java:29)<br/>	at com.codeborne.selenide.commands.Should.execute(Should.java:12)<br/>	at com.codeborne.selenide.commands.Commands.execute(Commands.java:140)<br/>	at com.codeborne.selenide.impl.SelenideElementProxy.dispatchAndRetry(SelenideElementProxy.java:86)<br/>	at com.codeborne.selenide.impl.SelenideElementProxy.invoke(SelenideElementProxy.java:62)<br/>	at com.sun.proxy.$Proxy13.shouldHave(Unknown Source)<br/>	at cucumberJava.openRegForm.an_open_browser_with_site(openRegForm.java:28)<br/>	at sun.reflect.NativeMethodAccessorImpl.invoke0(Native Method)<br/>	at sun.reflect.NativeMethodAccessorImpl.invoke(NativeMethodAccessorImpl.java:62)<br/>	at sun.reflect.DelegatingMethodAccessorImpl.invoke(DelegatingMethodAccessorImpl.java:43)<br/>	at java.lang.reflect.Method.invoke(Method.java:498)<br/>	at cucumber.runtime.Utils$1.call(Utils.java:40)<br/>	at cucumber.runtime.Timeout.timeout(Timeout.java:16)<br/>	at cucumber.runtime.Utils.invoke(Utils.java:34)<br/>	at cucumber.runtime.java.JavaStepDefinition.execute(JavaStepDefinition.java:38)<br/>	at cucumber.runtime.StepDefinitionMatch.runStep(StepDefinitionMatch.java:37)<br/>	at cucumber.runtime.Runtime.runStep(Runtime.java:300)<br/>	at cucumber.runtime.model.StepContainer.runStep(StepContainer.java:44)<br/>	at cucumber.runtime.model.StepContainer.runSteps(StepContainer.java:39)<br/>	at cucumber.runtime.model.CucumberScenario.run(CucumberScenario.java:44)<br/>	at cucumber.runtime.junit.ExecutionUnitRunner.run(ExecutionUnitRunner.java:102)<br/>	at org.junit.runners.Suite.runChild(Suite.java:128)<br/>	at org.junit.runners.Suite.runChild(Suite.java:27)<br/>	at org.junit.runners.ParentRunner$3.run(ParentRunner.java:290)<br/>	at org.junit.runners.ParentRunner$1.schedule(ParentRunner.java:71)<br/>	at org.junit.runners.ParentRunner.runChildren(ParentRunner.java:288)<br/>	at org.junit.runners.ParentRunner.access$000(ParentRunner.java:58)<br/>	at org.junit.runners.ParentRunner$2.evaluate(ParentRunner.java:268)<br/>	at org.junit.runners.ParentRunner.run(ParentRunner.java:363)<br/>	at cucumber.runtime.junit.ExamplesRunner.run(ExamplesRunner.java:59)<br/>	at org.junit.runners.Suite.runChild(Suite.java:128)<br/>	at org.junit.runners.Suite.runChild(Suite.java:27)<br/>	at org.junit.runners.ParentRunner$3.run(ParentRunner.java:290)<br/>	at org.junit.runners.ParentRunner$1.schedule(ParentRunner.java:71)<br/>	at org.junit.runners.ParentRunner.runChildren(ParentRunner.java:288)<br/>	at org.junit.runners.ParentRunner.access$000(ParentRunner.java:58)<br/>	at org.junit.runners.ParentRunner$2.evaluate(ParentRunner.java:268)<br/>	at org.junit.runners.ParentRunner.run(ParentRunner.java:363)<br/>	at cucumber.runtime.junit.ScenarioOutlineRunner.run(ScenarioOutlineRunner.java:53)<br/>	at cucumber.runtime.junit.FeatureRunner.runChild(FeatureRunner.java:63)<br/>	at cucumber.runtime.junit.FeatureRunner.runChild(FeatureRunner.java:18)<br/>	at org.junit.runners.ParentRunner$3.run(ParentRunner.java:290)<br/>	at org.junit.runners.ParentRunner$1.schedule(ParentRunner.java:71)<br/>	at org.junit.runners.ParentRunner.runChildren(ParentRunner.java:288)<br/>	at org.junit.runners.ParentRunner.access$000(ParentRunner.java:58)<br/>	at org.junit.runners.ParentRunner$2.evaluate(ParentRunner.java:268)<br/>	at org.junit.runners.ParentRunner.run(ParentRunner.java:363)<br/>	at cucumber.runtime.junit.FeatureRunner.run(FeatureRunner.java:70)<br/>	at cucumber.api.junit.Cucumber.runChild(Cucumber.java:95)<br/>	at cucumber.api.junit.Cucumber.runChild(Cucumber.java:38)<br/>	at org.junit.runners.ParentRunner$3.run(ParentRunner.java:290)<br/>	at org.junit.runners.ParentRunner$1.schedule(ParentRunner.java:71)<br/>	at org.junit.runners.ParentRunner.runChildren(ParentRunner.java:288)<br/>	at org.junit.runners.ParentRunner.access$000(ParentRunner.java:58)<br/>	at org.junit.runners.ParentRunner$2.evaluate(ParentRunner.java:268)<br/>	at org.junit.runners.ParentRunner.run(ParentRunner.java:363)<br/>	at cucumber.api.junit.Cucumber.run(Cucumber.java:100)<br/>	at org.apache.maven.surefire.junit4.JUnit4Provider.execute(JUnit4Provider.java:367)<br/>	at org.apache.maven.surefire.junit4.JUnit4Provider.executeWithRerun(JUnit4Provider.java:274)<br/>	at org.apache.maven.surefire.junit4.JUnit4Provider.executeTestSet(JUnit4Provider.java:238)<br/>	at org.apache.maven.surefire.junit4.JUnit4Provider.invoke(JUnit4Provider.java:161)<br/>	at org.apache.maven.surefire.booter.ForkedBooter.invokeProviderInSameClassLoader(ForkedBooter.java:290)<br/>	at org.apache.maven.surefire.booter.ForkedBooter.runSuitesInProcess(ForkedBooter.java:242)<br/>	at org.apache.maven.surefire.booter.ForkedBooter.main(ForkedBooter.java:121)<br/></div></div></div>
      
            <div></div>
      <div></div>
          <div class="undefined"><span class="step-keyword">When  </span><span class="step-name">I type invalid</span><span class="step-duration">000ms</span></div>
      
            <div></div>
      <div></div>
          <div class="undefined"><span class="step-keyword">Then  </span><span class="step-name">&#1055;&#1086;&#1083;&#1077; &#1060;&#1048;&#1054; &#1076;&#1083;&#1103; &#1101;&#1084;&#1073;&#1086;&#1089;&#1089;&#1080;&#1088;&#1086;&#1074;&#1072;&#1085;&#1080;&#1103; &#1080;&#1084;&#1077;&#1077;&#1090; &#1079;&#1085;&#1072;&#1095;&#1077;&#1085;&#1080;&#1077; &#1087;&#1091;&#1089;&#1090;&#1086;&#1077;</span><span class="step-duration">000ms</span></div>
      
            <div></div>
      <div></div>
        
    <br>
  </div>


<nav class="navbar navbar-default" id="footer">
  <div class="container-fluid">
    <p class="navbar-text navbar-right">
      <a class="navbar-link" href="https://github.com/jenkinsci/cucumber-reports-plugin">Jenkins Plugin</a> |
      <a class="navbar-link" href="https://github.com/damianszczepanik/cucumber-reporting">Cucumber-JVM Reports</a>
    </p>
  </div>
</nav>

</body>
</html>
